<?xml version="1.0"?>
<!-- testcase generated by YaST -->
<test>
<setup arch="i686">
	<system file="test-crappy-coolo-system.xml.gz"/>
	<channel file="test-crappy-coolo-2-package.xml.gz" name="2" />
	<channel file="test-crappy-coolo-3-package.xml.gz" name="3" />
	<channel file="test-crappy-coolo-1-package.xml.gz" name="1" />
	<locale name="de_DE" />
</setup>
<trial>
<showpool all="yes"/>
<establish/>
<showpool all="true" prefix=">!> ESTABLISHED:"/>
<install channel="1" kind="package" name="MesaGLw-devel" arch="i586" version="7.0.1" release="14"/>
<install channel="1" kind="package" name="MozillaFirefox" arch="i586" version="2.0.0.6" release="22"/>
<install channel="1" kind="package" name="MozillaFirefox-translations" arch="i586" version="2.0.0.6" release="22"/>
<install channel="1" kind="package" name="ImageMagick" arch="i586" version="6.3.5.3" release="26"/>
<install channel="3" kind="product" name="openSUSE-factory" arch="i686" version="10.3" release=""/>
<install channel="3" kind="package" name="OpenOffice_org" arch="i586" version="2.3.0.1.2" release="4"/>
<install channel="1" kind="package" name="Maelstrom" arch="i586" version="3.0.6" release="112"/>
<install channel="1" kind="package" name="Mesa" arch="i586" version="7.0.1" release="16"/>
<install channel="1" kind="package" name="Mesa-devel" arch="i586" version="7.0.1" release="16"/>
<install channel="1" kind="package" name="MesaGLw" arch="i586" version="7.0.1" release="14"/>
<install channel="1" kind="product" name="openSUSE" arch="i686" version="10.3" release=""/>
<install channel="1" kind="package" name="3ddiag" arch="i586" version="0.740" release="81"/>
<install channel="1" kind="package" name="CheckHardware" arch="i586" version="0.1" release="1086"/>
<install channel="1" kind="package" name="DirectFB" arch="i586" version="1.0.0" release="63"/>
<install channel="2" kind="product" name="openSUSE-extra" arch="i686" version="10.3" release=""/>
<install channel="1" kind="package" name="915resolution" arch="i586" version="0.5.3" release="30"/>
<install channel="1" kind="package" name="NX" arch="i586" version="2.1.0" release="34"/>
<install channel="1" kind="package" name="NetworkManager" arch="i586" version="0.6.5" release="33"/>
<install channel="1" kind="package" name="NetworkManager-kde" arch="i586" version="0.2r674918" release="51"/>
<install channel="1" kind="package" name="OpenEXR" arch="i586" version="1.4.0a" release="34"/>
<install channel="1" kind="package" name="OpenOffice_org-Quickstarter" arch="i586" version="1.0" release="589"/>
<install channel="1" kind="package" name="OpenOffice_org-kde" arch="i586" version="2.3.0.1.2" release="4"/>
<install channel="1" kind="package" name="RealPlayer" arch="i586" version="10.0.9" release="10"/>
<install channel="1" kind="package" name="SDL" arch="i586" version="1.2.12" release="23"/>
<install channel="1" kind="package" name="SDL_image" arch="i586" version="1.2.6" release="22"/>
<install channel="1" kind="package" name="SDL_mixer" arch="i586" version="1.2.8" release="22"/>
<install channel="1" kind="package" name="SDL_net" arch="i586" version="1.2.7" release="22"/>
<install channel="1" kind="package" name="SDL_perl" arch="i586" version="1.20.0" release="468"/>
<install channel="1" kind="package" name="SDL_ttf" arch="i586" version="2.0.9" release="22"/>
<install channel="1" kind="package" name="WindowMaker" arch="i586" version="0.92.0" release="105"/>
<install channel="1" kind="package" name="WindowMaker-applets" arch="i586" version="1.0" release="762"/>
<install channel="1" kind="package" name="a2ps" arch="i586" version="4.13" release="1182"/>
<install channel="1" kind="package" name="aaa_base" arch="i586" version="10.3" release="89"/>
<install channel="1" kind="package" name="aaa_skel" arch="i586" version="2007.3.7" release="35"/>
<install channel="1" kind="package" name="aalib" arch="i586" version="1.4.0" release="383"/>
<install channel="1" kind="package" name="acl" arch="i586" version="2.2.34" release="74"/>
<install channel="1" kind="package" name="acpid" arch="i586" version="1.0.6" release="22"/>
<install channel="1" kind="package" name="acroread" arch="i586" version="7.0.9" release="58"/>
<install channel="1" kind="package" name="alsa-tools" arch="i586" version="1.0.14" release="36"/>
<install channel="1" kind="package" name="alsa" arch="i586" version="1.0.14" release="30"/>
<install channel="1" kind="package" name="alsa-devel" arch="i586" version="1.0.14" release="30"/>
<install channel="1" kind="package" name="amarok-xine" arch="i586" version="1.4.7" release="33"/>
<install channel="1" kind="package" name="amarok" arch="i586" version="1.4.7" release="33"/>
<install channel="1" kind="package" name="amarok-libvisual" arch="i586" version="1.4.7" release="33"/>
<install channel="1" kind="package" name="apparmor-parser" arch="i586" version="2.1" release="17"/>
<install channel="1" kind="package" name="armagetron" arch="i586" version="0.2.7.1" release="117"/>
<install channel="1" kind="package" name="arts" arch="i586" version="1.5.7" release="39"/>
<install channel="1" kind="package" name="ash" arch="i586" version="1.6.1" release="73"/>
<install channel="1" kind="package" name="aspell" arch="i586" version="0.60.5" release="44"/>
<install channel="1" kind="package" name="aspell-de" arch="i586" version="0.60.20030222.1" release="66"/>
<install channel="1" kind="package" name="aspell-en" arch="i586" version="6.0" release="95"/>
<install channel="1" kind="package" name="at" arch="i586" version="3.1.8" release="998"/>
<install channel="1" kind="package" name="atk-devel" arch="i586" version="1.20.0" release="3"/>
<install channel="1" kind="package" name="atk" arch="i586" version="1.20.0" release="3"/>
<install channel="1" kind="package" name="attr" arch="i586" version="2.4.28" release="80"/>
<install channel="1" kind="package" name="audit" arch="i586" version="1.5.5" release="12"/>
<install channel="1" kind="package" name="audiofile" arch="i586" version="0.2.6" release="76"/>
<install channel="1" kind="package" name="audiofile-devel" arch="i586" version="0.2.6" release="76"/>
<install channel="1" kind="package" name="audit-libs" arch="i586" version="1.5.5" release="12"/>
<install channel="1" kind="package" name="autoconf" arch="i586" version="2.61" release="46"/>
<install channel="1" kind="package" name="autofs" arch="i586" version="5.0.2" release="28"/>
<install channel="1" kind="package" name="automake" arch="i586" version="1.10" release="45"/>
<install channel="1" kind="package" name="avahi" arch="i586" version="0.6.20" release="38"/>
<install channel="1" kind="package" name="avahi-compat-mDNSResponder" arch="i586" version="0.6.20" release="38"/>
<install channel="1" kind="package" name="avahi-compat-mDNSResponder-devel" arch="i586" version="0.6.20" release="38"/>
<install channel="1" kind="package" name="awesfx" arch="i586" version="0.5.1a" release="12"/>
<install channel="1" kind="package" name="bash" arch="i586" version="3.2" release="58"/>
<install channel="1" kind="package" name="bash-doc" arch="i586" version="3.2" release="17"/>
<install channel="1" kind="package" name="bc" arch="i586" version="1.06" release="825"/>
<install channel="1" kind="package" name="beagle" arch="i586" version="0.2.18" release="23"/>
<install channel="1" kind="package" name="beagle-firefox" arch="i586" version="0.2.18" release="23"/>
<install channel="1" kind="package" name="beagle-index" arch="i586" version="10.3_20070203" release="107"/>
<install channel="1" kind="package" name="bind-libs" arch="i586" version="9.4.1.P1" release="10"/>
<install channel="1" kind="package" name="bind-chrootenv" arch="i586" version="9.4.1.P1" release="10"/>
<install channel="1" kind="package" name="binutils" arch="i586" version="2.17.50.20070726" release="13"/>
<install channel="1" kind="package" name="bind-utils" arch="i586" version="9.4.1.P1" release="10"/>
<install channel="1" kind="package" name="bison" arch="i586" version="2.3" release="62"/>
<install channel="1" kind="package" name="blocxx" arch="i586" version="1.0.0" release="78"/>
<install channel="1" kind="package" name="blt" arch="i586" version="2.4z" release="299"/>
<install channel="1" kind="package" name="bluez-libs" arch="i586" version="3.18" release="4"/>
<install channel="1" kind="package" name="bluez-utils" arch="i586" version="3.18" release="9"/>
<install channel="1" kind="package" name="bootsplash" arch="i586" version="3.3" release="80"/>
<install channel="1" kind="package" name="bootsplash-theme-SuSE" arch="i586" version="3.1" release="173"/>
<install channel="1" kind="package" name="briquolo" arch="i586" version="0.5.6" release="26"/>
<install channel="1" kind="package" name="bug-buddy" arch="i586" version="2.20.0" release="3"/>
<install channel="1" kind="package" name="busybox" arch="i586" version="1.6.1" release="14"/>
<install channel="1" kind="package" name="bzflag" arch="i586" version="2.0.8" release="76"/>
<install channel="1" kind="package" name="bzip2" arch="i586" version="1.0.4" release="41"/>
<install channel="1" kind="package" name="cabextract" arch="i586" version="1.2" release="56"/>
<install channel="1" kind="package" name="cairo" arch="i586" version="1.4.10" release="23"/>
<install channel="1" kind="package" name="cairo-devel" arch="i586" version="1.4.10" release="23"/>
<install channel="1" kind="package" name="canna-libs" arch="i586" version="3.7p3" release="107"/>
<install channel="1" kind="package" name="capi4linux" arch="i586" version="2007.9.17" release="3"/>
<install channel="1" kind="package" name="ccache" arch="i586" version="2.4" release="74"/>
<install channel="1" kind="package" name="cdk" arch="i586" version="4.9.13" release="74"/>
<install channel="1" kind="package" name="cdparanoia" arch="i586" version="IIIalpha9.8" release="625"/>
<install channel="1" kind="package" name="cdrdao" arch="i586" version="1.2.2" release="117"/>
<install channel="1" kind="package" name="cdrkit-cdrtools-compat" arch="i586" version="1.1.6" release="20"/>
<install channel="1" kind="package" name="cifs-mount" arch="i586" version="3.0.25c" release="10"/>
<install channel="1" kind="package" name="clanbomber" arch="i586" version="1.05" release="119"/>
<install channel="1" kind="package" name="clanlib" arch="i586" version="0.6.5" release="468"/>
<install channel="1" kind="package" name="compat" arch="i586" version="2007.4.18" release="30"/>
<install channel="1" kind="package" name="compat-libstdc++" arch="i586" version="5.0.7" release="85"/>
<install channel="1" kind="package" name="compat-openssl097g" arch="i586" version="0.9.7g" release="73"/>
<install channel="1" kind="package" name="cron" arch="i586" version="4.1" release="121"/>
<install channel="1" kind="package" name="coreutils" arch="i586" version="6.9" release="42"/>
<install channel="1" kind="package" name="cpio" arch="i586" version="2.9" release="16"/>
<install channel="1" kind="package" name="cpp" arch="i586" version="4.2" release="23"/>
<install channel="1" kind="package" name="cpufrequtils" arch="i586" version="002" release="92"/>
<install channel="1" kind="package" name="cracklib" arch="i586" version="2.8.10" release="36"/>
<install channel="1" kind="package" name="cracklib-dict-full" arch="i586" version="2.8.10" release="30"/>
<install channel="1" kind="package" name="cryptsetup" arch="i586" version="1.0.5" release="30"/>
<install channel="1" kind="package" name="ctags" arch="i586" version="2007.2.6" release="38"/>
<install channel="1" kind="package" name="cups" arch="i586" version="1.2.12" release="20"/>
<install channel="1" kind="package" name="cups-backends" arch="i586" version="1.0" release="124"/>
<install channel="1" kind="package" name="cups-client" arch="i586" version="1.2.12" release="20"/>
<install channel="1" kind="package" name="cups-drivers" arch="i586" version="1.2.12" release="25"/>
<install channel="1" kind="package" name="cups-libs" arch="i586" version="1.2.12" release="20"/>
<install channel="1" kind="package" name="curl" arch="i586" version="7.16.4" release="13"/>
<install channel="1" kind="package" name="cvs" arch="i586" version="1.12.12" release="84"/>
<install channel="1" kind="package" name="cyrus-sasl" arch="i586" version="2.1.22" release="80"/>
<install channel="1" kind="package" name="cyrus-sasl-crammd5" arch="i586" version="2.1.22" release="80"/>
<install channel="1" kind="package" name="cyrus-sasl-digestmd5" arch="i586" version="2.1.22" release="80"/>
<install channel="1" kind="package" name="cyrus-sasl-plain" arch="i586" version="2.1.22" release="80"/>
<install channel="1" kind="package" name="cyrus-sasl-saslauthd" arch="i586" version="2.1.22" release="83"/>
<install channel="1" kind="package" name="dar" arch="i586" version="2.3.4" release="19"/>
<install channel="1" kind="package" name="dbus-1" arch="i586" version="1.0.2" release="58"/>
<install channel="1" kind="package" name="dbus-1-devel" arch="i586" version="1.0.2" release="58"/>
<install channel="1" kind="package" name="dbus-1-glib" arch="i586" version="0.74" release="23"/>
<install channel="1" kind="package" name="dbus-1-mono" arch="i586" version="0.63" release="89"/>
<install channel="1" kind="package" name="dbus-1-qt3" arch="i586" version="0.62" release="108"/>
<install channel="1" kind="package" name="dbus-1-qt3-devel" arch="i586" version="0.62" release="108"/>
<install channel="1" kind="package" name="dbus-1-x11" arch="i586" version="1.0.2" release="65"/>
<install channel="1" kind="package" name="dcraw" arch="i586" version="1.390" release="10"/>
<install channel="1" kind="package" name="deltarpm" arch="i586" version="3.4" release="35"/>
<install channel="1" kind="package" name="desktop-file-utils" arch="i586" version="0.13" release="37"/>
<install channel="1" kind="package" name="device-mapper" arch="i586" version="1.02.19" release="27"/>
<install channel="1" kind="package" name="devs" arch="i586" version="10.3" release="39"/>
<install channel="1" kind="package" name="dhcdbd" arch="i586" version="1.14" release="63"/>
<install channel="1" kind="package" name="dhcp" arch="i586" version="3.0.6" release="22"/>
<install channel="1" kind="package" name="dhcp-client" arch="i586" version="3.0.6" release="22"/>
<install channel="1" kind="package" name="dhcpcd" arch="i586" version="1.3.22pl4" release="286"/>
<install channel="1" kind="package" name="diffutils" arch="i586" version="2.8.7" release="79"/>
<install channel="1" kind="package" name="dialog" arch="i586" version="1.0" release="62"/>
<install channel="1" kind="package" name="digikam" arch="i586" version="0.9.2" release="47"/>
<install channel="1" kind="package" name="digikamimageplugins" arch="i586" version="0.9.2" release="47"/>
<install channel="1" kind="package" name="doxygen" arch="i586" version="1.5.3" release="12"/>
<install channel="1" kind="package" name="dirmngr" arch="i586" version="1.0.0" release="16"/>
<install channel="1" kind="package" name="djvulibre" arch="i586" version="3.5.19" release="57"/>
<install channel="1" kind="package" name="dmraid" arch="i586" version="1.0.0.rc14" release="21"/>
<install channel="1" kind="package" name="dos2unix" arch="i586" version="3.1" release="375"/>
<install channel="1" kind="package" name="dosbootdisk" arch="i586" version="1.1" release="131"/>
<install channel="1" kind="package" name="dosfstools" arch="i586" version="2.11" release="81"/>
<install channel="1" kind="package" name="dragonegg" arch="i586" version="0.1" release="126"/>
<install channel="1" kind="package" name="dvd+rw-tools" arch="i586" version="7.0" release="48"/>
<install channel="1" kind="package" name="e2fsprogs" arch="i586" version="1.40.2" release="19"/>
<install channel="1" kind="package" name="ed" arch="i586" version="0.2" release="937"/>
<install channel="1" kind="package" name="eject" arch="i586" version="2.1.0" release="70"/>
<install channel="1" kind="package" name="enscript" arch="i586" version="1.6.4" release="82"/>
<install channel="1" kind="package" name="esound" arch="i586" version="0.2.38" release="16"/>
<install channel="1" kind="package" name="ethtool" arch="i586" version="6" release="12"/>
<install channel="1" kind="package" name="evms" arch="i586" version="2.5.5" release="171"/>
<install channel="1" kind="package" name="evms-gui" arch="i586" version="2.5.5" release="171"/>
<install channel="1" kind="package" name="expat" arch="i586" version="2.0.1" release="23"/>
<install channel="1" kind="package" name="fam" arch="i586" version="2.7.0" release="69"/>
<install channel="1" kind="package" name="fam-devel" arch="i586" version="2.7.0" release="69"/>
<install channel="1" kind="package" name="fam-server" arch="i586" version="2.7.0" release="69"/>
<install channel="1" kind="package" name="fastjar" arch="i586" version="0.92" release="63"/>
<install channel="1" kind="package" name="fbset" arch="i586" version="2.1" release="854"/>
<install channel="1" kind="package" name="file" arch="i586" version="4.21" release="6"/>
<install channel="1" kind="package" name="fileshareset" arch="i586" version="2.0" release="366"/>
<install channel="1" kind="package" name="filesystem" arch="i586" version="10.3" release="49"/>
<install channel="1" kind="package" name="fillup" arch="i586" version="1.42" release="178"/>
<install channel="1" kind="package" name="filters" arch="i586" version="2007.8.9" release="22"/>
<install channel="1" kind="package" name="findutils" arch="i586" version="4.2.31" release="23"/>
<install channel="1" kind="package" name="finger" arch="i586" version="1.3" release="77"/>
<install channel="1" kind="package" name="flac" arch="i586" version="1.2.0" release="12"/>
<install channel="1" kind="package" name="flash-player" arch="i586" version="9.0.48.0" release="15"/>
<install channel="1" kind="package" name="flex" arch="i586" version="2.5.33" release="62"/>
<install channel="1" kind="package" name="fluidsynth" arch="i586" version="1.0.7a" release="91"/>
<install channel="1" kind="package" name="fontconfig" arch="i586" version="2.4.2" release="42"/>
<install channel="1" kind="package" name="fontconfig-devel" arch="i586" version="2.4.2" release="42"/>
<install channel="1" kind="package" name="foomatic-filters" arch="i586" version="3.0.2" release="127"/>
<install channel="1" kind="package" name="freeciv" arch="i586" version="2.1.0" release="104"/>
<install channel="1" kind="package" name="freeglut" arch="i586" version="060903" release="77"/>
<install channel="1" kind="package" name="freeglut-devel" arch="i586" version="060903" release="77"/>
<install channel="1" kind="package" name="freetype2" arch="i586" version="2.3.5" release="17"/>
<install channel="1" kind="package" name="freetype" arch="i586" version="1.3.1" release="1265"/>
<install channel="1" kind="package" name="freetype2-devel" arch="i586" version="2.3.5" release="17"/>
<install channel="1" kind="package" name="fribidi" arch="i586" version="0.10.4" release="578"/>
<install channel="1" kind="package" name="frozen-bubble" arch="i586" version="2.1.0" release="77"/>
<install channel="1" kind="package" name="fvwm2" arch="i586" version="2.5.21" release="68"/>
<install channel="1" kind="package" name="gail" arch="i586" version="1.20.0" release="2"/>
<install channel="1" kind="package" name="gawk" arch="i586" version="3.1.5g" release="24"/>
<install channel="1" kind="package" name="gcc" arch="i586" version="4.2" release="23"/>
<install channel="1" kind="package" name="gcc-c++" arch="i586" version="4.2" release="23"/>
<install channel="1" kind="package" name="gcc-info" arch="i586" version="4.2" release="23"/>
<install channel="1" kind="package" name="gcc-java" arch="i586" version="4.2" release="23"/>
<install channel="1" kind="package" name="gconf2" arch="i586" version="2.20.0" release="2"/>
<install channel="1" kind="package" name="gd" arch="i586" version="2.0.35" release="18"/>
<install channel="1" kind="package" name="gdb" arch="i586" version="6.6.50.20070726" release="22"/>
<install channel="1" kind="package" name="gdbm" arch="i586" version="1.8.3" release="301"/>
<install channel="1" kind="package" name="gettext" arch="i586" version="0.16" release="46"/>
<install channel="1" kind="package" name="ghostscript-fonts-other" arch="i586" version="8.15.3" release="96"/>
<install channel="1" kind="package" name="ghostscript-fonts-std" arch="i586" version="8.15.3" release="96"/>
<install channel="1" kind="package" name="ghostscript-library" arch="i586" version="8.15.3" release="96"/>
<install channel="1" kind="package" name="ghostscript-x11" arch="i586" version="8.15.3" release="96"/>
<install channel="1" kind="package" name="giflib" arch="i586" version="4.1.4" release="83"/>
<install channel="1" kind="package" name="gimp" arch="i586" version="2.2.17" release="37"/>
<install channel="1" kind="package" name="gimp-cmyk" arch="i586" version="0.3" release="143"/>
<install channel="1" kind="package" name="glib" arch="i586" version="1.2.10" release="671"/>
<install channel="1" kind="package" name="gle" arch="i586" version="3.1.0" release="20"/>
<install channel="1" kind="package" name="glib-sharp2" arch="i586" version="2.10.2" release="27"/>
<install channel="1" kind="package" name="glib2" arch="i586" version="2.14.1" release="3"/>
<install channel="1" kind="package" name="glib2-devel" arch="i586" version="2.14.1" release="3"/>
<install channel="1" kind="package" name="glibc-locale" arch="i586" version="2.6.1" release="17"/>
<install channel="1" kind="package" name="glibc-info" arch="i586" version="2.6.1" release="17"/>
<install channel="1" kind="package" name="glibc-html" arch="i586" version="2.6.1" release="17"/>
<install channel="1" kind="package" name="glibc-i18ndata" arch="i586" version="2.6.1" release="17"/>
<install channel="1" kind="package" name="glitz" arch="i586" version="0.5.6" release="84"/>
<install channel="1" kind="package" name="glitz-devel" arch="i586" version="0.5.6" release="84"/>
<install channel="1" kind="package" name="gmime" arch="i586" version="2.2.10" release="29"/>
<install channel="1" kind="package" name="gmp" arch="i586" version="4.2.1" release="57"/>
<install channel="1" kind="package" name="gnokii" arch="i586" version="0.6.18" release="25"/>
<install channel="1" kind="package" name="gnome-games" arch="i586" version="2.20.0.1" release="2"/>
<install channel="1" kind="package" name="gnome-desktop" arch="i586" version="2.20.0" release="2"/>
<install channel="1" kind="package" name="gnome-keyring" arch="i586" version="2.20" release="2"/>
<install channel="1" kind="package" name="gnome-vfs2" arch="i586" version="2.20.0" release="2"/>
<install channel="1" kind="package" name="gnome-menus" arch="i586" version="2.20.0" release="2"/>
<install channel="1" kind="package" name="gpm" arch="i586" version="1.20.1" release="387"/>
<install channel="1" kind="package" name="gnutls" arch="i586" version="1.6.1" release="35"/>
<install channel="1" kind="package" name="gpart" arch="i586" version="0.1h" release="555"/>
<install channel="1" kind="package" name="gpg2" arch="i586" version="2.0.4" release="46"/>
<install channel="1" kind="package" name="gpgme" arch="i586" version="1.1.5" release="28"/>
<install channel="1" kind="package" name="gphoto" arch="i586" version="2.4.0" release="23"/>
<install channel="1" kind="package" name="graphviz" arch="i586" version="2.12" release="48"/>
<install channel="1" kind="package" name="grep" arch="i586" version="2.5.2" release="27"/>
<install channel="1" kind="package" name="groff" arch="i586" version="1.18.1.1" release="98"/>
<install channel="1" kind="package" name="grub" arch="i586" version="0.97" release="81"/>
<install channel="1" kind="package" name="gsf-sharp" arch="i586" version="0.8.1" release="82"/>
<install channel="1" kind="package" name="gtk" arch="i586" version="1.2.10" release="991"/>
<install channel="1" kind="package" name="gtk-sharp2" arch="i586" version="2.10.2" release="27"/>
<install channel="1" kind="package" name="gtk2" arch="i586" version="2.12.0" release="3"/>
<install channel="1" kind="package" name="gtk2-devel" arch="i586" version="2.12.0" release="3"/>
<install channel="1" kind="package" name="gtkglarea" arch="i586" version="1.2.2" release="1002"/>
<install channel="1" kind="package" name="gtksourceview" arch="i586" version="2.0.0" release="3"/>
<install channel="1" kind="package" name="guile" arch="i586" version="1.8.1" release="70"/>
<install channel="1" kind="package" name="gutenprint" arch="i586" version="5.0.1" release="1"/>
<install channel="1" kind="package" name="gwenview" arch="i586" version="1.4.1" release="89"/>
<install channel="1" kind="package" name="gzip" arch="i586" version="1.3.12" release="33"/>
<install channel="1" kind="package" name="hal" arch="i586" version="0.5.9_git20070831" release="11"/>
<install channel="1" kind="package" name="hal-resmgr" arch="i586" version="0.1_SVNr141" release="27"/>
<install channel="1" kind="package" name="hdparm" arch="i586" version="7.7" release="9"/>
<install channel="1" kind="package" name="hermes" arch="i586" version="1.3.2" release="517"/>
<install channel="1" kind="package" name="hplip" arch="i586" version="2.7.7" release="33"/>
<install channel="1" kind="package" name="hplip-hpijs" arch="i586" version="2.7.7" release="33"/>
<install channel="1" kind="package" name="htdig" arch="i586" version="3.2.0b6" release="108"/>
<install channel="1" kind="package" name="hwinfo" arch="i586" version="13.54" release="2"/>
<install channel="1" kind="package" name="i4l-base" arch="i586" version="2007.9.17" release="3"/>
<install channel="1" kind="package" name="i4l-isdnlog" arch="i586" version="2007.9.17" release="3"/>
<install channel="1" kind="package" name="i4lfirm" arch="i586" version="2007.9.17" release="3"/>
<install channel="1" kind="package" name="icecream" arch="i586" version="0.8.0" release="16"/>
<install channel="1" kind="package" name="icecream-monitor" arch="i586" version="1.0" release="119"/>
<install channel="1" kind="package" name="id3lib" arch="i586" version="3.8.3" release="166"/>
<install channel="1" kind="package" name="ifplugd" arch="i586" version="0.28" release="106"/>
<install channel="1" kind="package" name="imgSeek" arch="i586" version="0.8.5" release="149"/>
<install channel="1" kind="package" name="imlib" arch="i586" version="1.9.14" release="303"/>
<install channel="1" kind="package" name="info" arch="i586" version="4.9" release="14"/>
<install channel="1" kind="package" name="initviocons" arch="i586" version="0.5" release="14"/>
<install channel="1" kind="package" name="input-utils" arch="i586" version="2007.06.22" release="28"/>
<install channel="1" kind="package" name="insserv" arch="i586" version="1.09.0" release="45"/>
<install channel="1" kind="package" name="iproute2" arch="i586" version="2.6.22" release="29"/>
<install channel="1" kind="package" name="iptables" arch="i586" version="1.3.8" release="25"/>
<install channel="1" kind="package" name="iputils" arch="i586" version="ss021109" release="232"/>
<install channel="1" kind="package" name="isapnp" arch="i586" version="1.26" release="563"/>
<install channel="1" kind="package" name="ispell" arch="i586" version="3.3.02" release="22"/>
<install channel="1" kind="package" name="ispell-american" arch="i586" version="3.3.02" release="22"/>
<install channel="1" kind="package" name="ispell-british" arch="i586" version="3.3.02" release="22"/>
<install channel="1" kind="package" name="ispell-german" arch="i586" version="1.5" release="321"/>
<install channel="1" kind="package" name="ispell-ngerman" arch="i586" version="1.5" release="321"/>
<install channel="1" kind="package" name="itcl" arch="i586" version="3.3" release="517"/>
<install channel="1" kind="package" name="jack" arch="i586" version="0.103.0" release="52"/>
<install channel="1" kind="package" name="jack-devel" arch="i586" version="0.103.0" release="52"/>
<install channel="1" kind="package" name="jadetex" arch="i586" version="3.13" release="325"/>
<install channel="1" kind="package" name="java-1_4_2-gcj-compat" arch="i586" version="1.4.2.0" release="176"/>
<install channel="1" kind="package" name="jhead" arch="i586" version="2.7" release="10"/>
<install channel="1" kind="package" name="jfsutils" arch="i586" version="1.1.11" release="69"/>
<install channel="1" kind="package" name="jpeg" arch="i586" version="6b" release="811"/>
<install channel="1" kind="package" name="joe" arch="i586" version="3.5" release="63"/>
<install channel="1" kind="package" name="jpackage-utils" arch="i586" version="1.7.0" release="76"/>
<install channel="1" kind="package" name="k3b" arch="i586" version="1.0.3" release="28"/>
<install channel="1" kind="package" name="kbd" arch="i586" version="1.12" release="137"/>
<install channel="1" kind="package" name="kdbg" arch="i586" version="2.0.5" release="75"/>
<install channel="1" kind="package" name="kdeaddons3-kicker" arch="i586" version="3.5.7" release="6"/>
<install channel="1" kind="package" name="kdeaddons3-kate" arch="i586" version="3.5.7" release="6"/>
<install channel="1" kind="package" name="kdeaddons3-konqueror" arch="i586" version="3.5.7" release="6"/>
<install channel="1" kind="package" name="kdeartwork3-sound" arch="i586" version="3.5.7" release="56"/>
<install channel="1" kind="package" name="kdeartwork3-xscreensaver" arch="i586" version="3.5.7" release="56"/>
<install channel="1" kind="package" name="kdeartwork3-kscreensaver" arch="i586" version="3.5.7" release="56"/>
<install channel="1" kind="package" name="kdebase3" arch="i586" version="3.5.7" release="81"/>
<install channel="1" kind="package" name="kdebase3-kdm" arch="i586" version="3.5.7" release="81"/>
<install channel="1" kind="package" name="kdebase3-SuSE" arch="i586" version="10.3" release="143"/>
<install channel="1" kind="package" name="kdebase3-ksysguardd" arch="i586" version="3.5.7" release="81"/>
<install channel="1" kind="package" name="kdebase3-nsplugin" arch="i586" version="3.5.7" release="81"/>
<install channel="1" kind="package" name="kdebase3-samba" arch="i586" version="3.5.7" release="81"/>
<install channel="1" kind="package" name="kdebase3-session" arch="i586" version="3.5.7" release="81"/>
<install channel="1" kind="package" name="kdebluetooth" arch="i586" version="1.0_beta8" release="5"/>
<install channel="1" kind="package" name="kdegames3" arch="i586" version="3.5.7" release="50"/>
<install channel="1" kind="package" name="kdegraphics3" arch="i586" version="3.5.7" release="55"/>
<install channel="1" kind="package" name="kdegraphics3-extra" arch="i586" version="3.5.7" release="55"/>
<install channel="1" kind="package" name="kdegraphics3-fax" arch="i586" version="3.5.7" release="55"/>
<install channel="1" kind="package" name="kdegraphics3-kamera" arch="i586" version="3.5.7" release="55"/>
<install channel="1" kind="package" name="kdegraphics3-pdf" arch="i586" version="3.5.7" release="55"/>
<install channel="1" kind="package" name="kdegraphics3-postscript" arch="i586" version="3.5.7" release="55"/>
<install channel="1" kind="package" name="kdegraphics3-scan" arch="i586" version="3.5.7" release="55"/>
<install channel="1" kind="package" name="kdegraphics3-tex" arch="i586" version="3.5.7" release="55"/>
<install channel="1" kind="package" name="kdelibs3" arch="i586" version="3.5.7" release="70"/>
<install channel="1" kind="package" name="kdelibs3-arts" arch="i586" version="3.5.7" release="70"/>
<install channel="1" kind="package" name="kdelibs3-default-style" arch="i586" version="3.5.7" release="70"/>
<install channel="1" kind="package" name="kdelibs3-doc" arch="i586" version="3.5.7" release="70"/>
<install channel="1" kind="package" name="kdemultimedia3" arch="i586" version="3.5.7" release="57"/>
<install channel="1" kind="package" name="kdemultimedia3-CD" arch="i586" version="3.5.7" release="57"/>
<install channel="1" kind="package" name="kdemultimedia3-arts" arch="i586" version="3.5.7" release="57"/>
<install channel="1" kind="package" name="kdemultimedia3-mixer" arch="i586" version="3.5.7" release="57"/>
<install channel="1" kind="package" name="kdemultimedia3-sound" arch="i586" version="3.5.7" release="57"/>
<install channel="1" kind="package" name="kdenetwork3-InstantMessenger" arch="i586" version="3.5.7" release="62"/>
<install channel="1" kind="package" name="kdenetwork3" arch="i586" version="3.5.7" release="62"/>
<install channel="1" kind="package" name="kdenetwork3-lan" arch="i586" version="3.5.7" release="62"/>
<install channel="1" kind="package" name="kdenetwork3-lisa" arch="i586" version="3.5.7" release="62"/>
<install channel="1" kind="package" name="kdenetwork3-news" arch="i586" version="3.5.7" release="62"/>
<install channel="1" kind="package" name="kdenetwork3-vnc" arch="i586" version="3.5.7" release="62"/>
<install channel="1" kind="package" name="kdepim3" arch="i586" version="3.5.7.enterprise.0.20070904.708012" release="6"/>
<install channel="1" kind="package" name="kdepim3-notes" arch="i586" version="3.5.7.enterprise.0.20070904.708012" release="6"/>
<install channel="1" kind="package" name="kdepim3-kpilot" arch="i586" version="3.5.7.enterprise.0.20070904.708012" release="6"/>
<install channel="1" kind="package" name="kdesdk3" arch="i586" version="3.5.7" release="59"/>
<install channel="1" kind="package" name="kdesdk3-translate" arch="i586" version="3.5.7" release="59"/>
<install channel="1" kind="package" name="kdetv" arch="i586" version="0.8.9" release="92"/>
<install channel="1" kind="package" name="kdeutils3" arch="i586" version="3.5.7" release="57"/>
<install channel="1" kind="package" name="kdeutils3-laptop" arch="i586" version="3.5.7" release="57"/>
<install channel="1" kind="package" name="kdirstat" arch="i586" version="2.4.4" release="127"/>
<install channel="1" kind="package" name="kernel-default" arch="i586" version="2.6.22.5" release="26"/>
<install channel="1" kind="package" name="kerry" arch="i586" version="0.2.2" release="86"/>
<install channel="1" kind="package" name="kinternet" arch="i586" version="0.75" release="150"/>
<install channel="1" kind="package" name="kio_beagle" arch="i586" version="0.3.1" release="115"/>
<install channel="1" kind="package" name="kio_ipodslave" arch="i586" version="0.8.pre1" release="110"/>
<install channel="1" kind="package" name="kio_slp" arch="i586" version="0.4.1" release="121"/>
<install channel="1" kind="package" name="kio_sysinfo" arch="i586" version="10.3" release="143"/>
<install channel="1" kind="package" name="kipi-plugins" arch="i586" version="0.1.4" release="34"/>
<install channel="1" kind="package" name="kitchensync" arch="i586" version="3.5.7.enterprise.0.20070904.708012" release="6"/>
<install channel="1" kind="package" name="klogd" arch="i586" version="1.4.1" release="631"/>
<install channel="1" kind="package" name="knights" arch="i586" version="0.6" release="549"/>
<install channel="1" kind="package" name="konversation" arch="i586" version="1.0.1" release="109"/>
<install channel="1" kind="package" name="kpowersave" arch="i586" version="0.7.3" release="3"/>
<install channel="1" kind="package" name="krb5" arch="i586" version="1.6.2" release="21"/>
<install channel="1" kind="package" name="krecord" arch="i586" version="1.16" release="135"/>
<install channel="1" kind="package" name="kscpm" arch="i586" version="0.5.4" release="5"/>
<install channel="1" kind="package" name="ktorrent" arch="i586" version="2.2.1" release="30"/>
<install channel="1" kind="package" name="ksymoops" arch="i586" version="2.4.11" release="75"/>
<install channel="1" kind="package" name="lbreakout" arch="i586" version="2.5.2" release="112"/>
<install channel="1" kind="package" name="ldapcpplib" arch="i586" version="0.0.4" release="93"/>
<install channel="1" kind="package" name="less" arch="i586" version="406" release="15"/>
<install channel="1" kind="package" name="lftp" arch="i586" version="3.5.11" release="14"/>
<install channel="1" kind="package" name="libMagick++10" arch="i586" version="6.3.5.3" release="26"/>
<install channel="1" kind="package" name="libart_lgpl-devel" arch="i586" version="2.3.19" release="34"/>
<install channel="1" kind="package" name="libacl" arch="i586" version="2.2.34" release="74"/>
<install channel="1" kind="package" name="libacl-devel" arch="i586" version="2.2.34" release="74"/>
<install channel="1" kind="package" name="libakode" arch="i586" version="2.0.2" release="59"/>
<install channel="1" kind="package" name="libao" arch="i586" version="0.8.8" release="18"/>
<install channel="1" kind="package" name="libapparmor-devel" arch="i586" version="2.2" release="16"/>
<install channel="1" kind="package" name="libapparmor1" arch="i586" version="2.2" release="16"/>
<install channel="1" kind="package" name="libapr-util1" arch="i586" version="1.2.8" release="65"/>
<install channel="1" kind="package" name="libapr1" arch="i586" version="1.2.9" release="8"/>
<install channel="1" kind="package" name="libart_lgpl" arch="i586" version="2.3.19" release="34"/>
<install channel="1" kind="package" name="libattr" arch="i586" version="2.4.28" release="80"/>
<install channel="1" kind="package" name="libattr-devel" arch="i586" version="2.4.28" release="80"/>
<install channel="1" kind="package" name="libavc1394" arch="i586" version="0.5.3" release="63"/>
<install channel="1" kind="package" name="libbeagle" arch="i586" version="0.2.18" release="19"/>
<install channel="1" kind="package" name="libbonobo" arch="i586" version="2.20.0" release="3"/>
<install channel="1" kind="package" name="libbonoboui" arch="i586" version="2.20.0" release="3"/>
<install channel="1" kind="package" name="libcap" arch="i586" version="1.10" release="42"/>
<install channel="1" kind="package" name="libcddb" arch="i586" version="1.3.0" release="59"/>
<install channel="1" kind="package" name="libcdio7" arch="i586" version="0.78.2" release="4"/>
<install channel="1" kind="package" name="libcom_err2" arch="i586" version="1.40.2" release="19"/>
<install channel="1" kind="package" name="libcroco" arch="i586" version="0.6.1" release="66"/>
<install channel="1" kind="package" name="libdar-4" arch="i586" version="2.3.4" release="19"/>
<install channel="1" kind="package" name="libdb-4_5" arch="i586" version="4.5.20" release="28"/>
<install channel="1" kind="package" name="libdc1394" arch="i586" version="2.0.0" release="1"/>
<install channel="1" kind="package" name="libdrm" arch="i586" version="2.3.0" release="42"/>
<install channel="1" kind="package" name="libdrm-devel" arch="i586" version="2.3.0" release="42"/>
<install channel="1" kind="package" name="libdvdnav" arch="i586" version="0.1.10" release="74"/>
<install channel="1" kind="package" name="libevent" arch="i586" version="1.3b" release="35"/>
<install channel="1" kind="package" name="libexif" arch="i586" version="0.6.16" release="22"/>
<install channel="1" kind="package" name="libexiv2" arch="i586" version="0.15" release="6"/>
<install channel="1" kind="package" name="libgcc42" arch="i586" version="4.2.1_20070724" release="14"/>
<install channel="1" kind="package" name="libgcj-devel" arch="i586" version="4.2" release="23"/>
<install channel="1" kind="package" name="libgcrypt" arch="i586" version="1.2.4" release="38"/>
<install channel="1" kind="package" name="libgcrypt-devel" arch="i586" version="1.2.4" release="38"/>
<install channel="1" kind="package" name="libgimpprint" arch="i586" version="4.2.7" release="175"/>
<install channel="1" kind="package" name="libglade2" arch="i586" version="2.6.2" release="18"/>
<install channel="1" kind="package" name="libgnome" arch="i586" version="2.20.0" release="3"/>
<install channel="1" kind="package" name="libgnomeprint" arch="i586" version="2.18.2" release="2"/>
<install channel="1" kind="package" name="libgnomecanvas" arch="i586" version="2.20.0" release="2"/>
<install channel="1" kind="package" name="libgnomeprintui" arch="i586" version="2.18.1" release="2"/>
<install channel="1" kind="package" name="libgnomecups" arch="i586" version="0.2.2" release="121"/>
<install channel="1" kind="package" name="libgnomesu" arch="i586" version="1.0.0" release="152"/>
<install channel="1" kind="package" name="libgnomeui" arch="i586" version="2.20.0" release="2"/>
<install channel="1" kind="package" name="libgpg-error" arch="i586" version="1.4" release="58"/>
<install channel="1" kind="package" name="libgpg-error-devel" arch="i586" version="1.4" release="58"/>
<install channel="1" kind="package" name="libgphoto2" arch="i586" version="2.4.0" release="23"/>
<install channel="1" kind="package" name="libgsf" arch="i586" version="1.14.5" release="22"/>
<install channel="1" kind="package" name="libgsf-gnome" arch="i586" version="1.14.5" release="22"/>
<install channel="1" kind="package" name="libgssapi" arch="i586" version="0.11" release="31"/>
<install channel="1" kind="package" name="libgtkhtml" arch="i586" version="2.11.1" release="3"/>
<install channel="1" kind="package" name="libicu" arch="i586" version="3.6" release="12"/>
<install channel="1" kind="package" name="libid3tag" arch="i586" version="0.15.1b" release="94"/>
<install channel="1" kind="package" name="libidl" arch="i586" version="0.8.9" release="3"/>
<install channel="1" kind="package" name="libidn" arch="i586" version="1.0" release="10"/>
<install channel="1" kind="package" name="libidn-devel" arch="i586" version="1.0" release="10"/>
<install channel="1" kind="package" name="libieee1284" arch="i586" version="0.2.10" release="105"/>
<install channel="1" kind="package" name="libiniparser" arch="i586" version="2.17" release="24"/>
<install channel="1" kind="package" name="libjasper" arch="i586" version="1.900.1" release="42"/>
<install channel="1" kind="package" name="libjpeg" arch="i586" version="6.2.0" release="811"/>
<install channel="1" kind="package" name="libjpeg-devel" arch="i586" version="6.2.0" release="77"/>
<install channel="1" kind="package" name="libkexiv2" arch="i586" version="0.1.5" release="34"/>
<install channel="1" kind="package" name="libkipi" arch="i586" version="0.1.5" release="82"/>
<install channel="1" kind="package" name="liblcms" arch="i586" version="1.16" release="38"/>
<install channel="1" kind="package" name="libksba" arch="i586" version="1.0.2" release="10"/>
<install channel="1" kind="package" name="libksba-devel" arch="i586" version="1.0.2" release="10"/>
<install channel="1" kind="package" name="liblcms-devel" arch="i586" version="1.16" release="38"/>
<install channel="1" kind="package" name="libmal" arch="i586" version="0.31" release="273"/>
<install channel="1" kind="package" name="libmikmod" arch="i586" version="3.1.11a" release="33"/>
<install channel="1" kind="package" name="libmng" arch="i586" version="1.0.10" release="13"/>
<install channel="1" kind="package" name="libmng-devel" arch="i586" version="1.0.10" release="13"/>
<install channel="1" kind="package" name="libmusicbrainz4" arch="i586" version="2.1.5" release="3"/>
<install channel="1" kind="package" name="libmysqlclient15" arch="i586" version="5.0.45" release="20"/>
<install channel="1" kind="package" name="libnetpbm10" arch="i586" version="10.26.44" release="9"/>
<install channel="1" kind="package" name="libnl" arch="i586" version="1.0" release="80"/>
<install channel="1" kind="package" name="libnscd" arch="i586" version="2.0.2" release="42"/>
<install channel="1" kind="package" name="libogg" arch="i586" version="1.1.3" release="73"/>
<install channel="1" kind="package" name="libogg-devel" arch="i586" version="1.1.3" release="73"/>
<install channel="1" kind="package" name="libopencdk" arch="i586" version="0.5.11" release="39"/>
<install channel="1" kind="package" name="libopenssl-devel" arch="i586" version="0.9.8e" release="43"/>
<install channel="1" kind="package" name="libpcap" arch="i586" version="0.9.7" release="12"/>
<install channel="1" kind="package" name="libpng" arch="i586" version="1.2.18" release="14"/>
<install channel="1" kind="package" name="libpng-devel" arch="i586" version="1.2.18" release="14"/>
<install channel="1" kind="package" name="libqt4" arch="i586" version="4.3.1" release="21"/>
<install channel="1" kind="package" name="libqt4-dbus-1" arch="i586" version="4.3.1" release="21"/>
<install channel="1" kind="package" name="libraw1394" arch="i586" version="1.2.1" release="63"/>
<install channel="1" kind="package" name="libreadline5" arch="i586" version="5.2" release="17"/>
<install channel="1" kind="package" name="librpcsecgss" arch="i586" version="0.14" release="70"/>
<install channel="1" kind="package" name="librsvg" arch="i586" version="2.18.2" release="7"/>
<install channel="1" kind="package" name="libsamplerate" arch="i586" version="0.1.2" release="75"/>
<install channel="1" kind="package" name="libsmbclient" arch="i586" version="3.0.25c" release="10"/>
<install channel="1" kind="package" name="libsndfile" arch="i586" version="1.0.17" release="77"/>
<install channel="1" kind="package" name="libstdc++-devel" arch="i586" version="4.2" release="23"/>
<install channel="1" kind="package" name="libstdc++42" arch="i586" version="4.2.1_20070724" release="14"/>
<install channel="1" kind="package" name="libstroke" arch="i586" version="0.5.1" release="105"/>
<install channel="1" kind="package" name="libsvg" arch="i586" version="0.1.4" release="76"/>
<install channel="1" kind="package" name="libsvg-cairo" arch="i586" version="0.1.6" release="97"/>
<install channel="1" kind="package" name="libtiff-devel" arch="i586" version="3.8.2" release="67"/>
<install channel="1" kind="package" name="libusb" arch="i586" version="0.1.12" release="71"/>
<install channel="1" kind="package" name="libtiff3" arch="i586" version="3.8.2" release="67"/>
<install channel="1" kind="package" name="libtool" arch="i586" version="1.5.24" release="16"/>
<install channel="1" kind="package" name="libtunepimp" arch="i586" version="0.5.3" release="20"/>
<install channel="1" kind="package" name="libvisual" arch="i586" version="0.4.0" release="83"/>
<install channel="1" kind="package" name="libvisual-plugins" arch="i586" version="0.4.0" release="109"/>
<install channel="1" kind="package" name="libvorbis" arch="i586" version="1.2.0" release="10"/>
<install channel="1" kind="package" name="libvorbis-devel" arch="i586" version="1.2.0" release="10"/>
<install channel="1" kind="package" name="libwmf" arch="i586" version="0.2.8.4" release="90"/>
<install channel="1" kind="package" name="libxcrypt" arch="i586" version="2.4" release="70"/>
<install channel="1" kind="package" name="libxml" arch="i586" version="1.8.17" release="449"/>
<install channel="1" kind="package" name="libxml2" arch="i586" version="2.6.30" release="2"/>
<install channel="1" kind="package" name="libxml2-devel" arch="i586" version="2.6.30" release="2"/>
<install channel="1" kind="package" name="libxslt" arch="i586" version="1.1.20" release="39"/>
<install channel="1" kind="package" name="libxslt-devel" arch="i586" version="1.1.20" release="39"/>
<install channel="1" kind="package" name="liby2util" arch="i586" version="2.14.0" release="63"/>
<install channel="1" kind="package" name="libzio" arch="i586" version="0.4" release="42"/>
<install channel="1" kind="package" name="limal" arch="i586" version="1.3.2" release="5"/>
<install channel="1" kind="package" name="libzypp" arch="i586" version="3.24.5" release="2"/>
<install channel="1" kind="package" name="lilo" arch="i586" version="22.7" release="116"/>
<install channel="1" kind="package" name="limal-perl" arch="i586" version="1.3.2" release="5"/>
<install channel="1" kind="package" name="lincity" arch="i586" version="1.12.0" release="167"/>
<install channel="1" kind="package" name="linux-atm-lib" arch="i586" version="2.5.0" release="72"/>
<install channel="1" kind="package" name="lirc" arch="i586" version="0.8.2" release="12"/>
<install channel="1" kind="package" name="logrotate" arch="i586" version="3.7.5" release="8"/>
<install channel="1" kind="package" name="lsb" arch="i586" version="3.1" release="62"/>
<install channel="1" kind="package" name="lsof" arch="i586" version="4.78" release="10"/>
<install channel="1" kind="package" name="ltris" arch="i586" version="1.0.11" release="58"/>
<install channel="1" kind="package" name="lua" arch="i586" version="5.1.2" release="13"/>
<install channel="1" kind="package" name="lukemftp" arch="i586" version="1.5" release="659"/>
<install channel="1" kind="package" name="lvm2" arch="i586" version="2.02.25" release="27"/>
<install channel="1" kind="package" name="lyx" arch="i586" version="1.5.1" release="24"/>
<install channel="1" kind="package" name="lzo" arch="i586" version="2.02" release="73"/>
<install channel="1" kind="package" name="m4" arch="i586" version="1.4.10" release="16"/>
<install channel="1" kind="package" name="mailx" arch="i586" version="12.2" release="44"/>
<install channel="1" kind="package" name="make" arch="i586" version="3.81" release="65"/>
<install channel="1" kind="package" name="man" arch="i586" version="2.4.3" release="85"/>
<install channel="1" kind="package" name="master-boot-code" arch="i586" version="1.14" release="23"/>
<install channel="1" kind="package" name="mc" arch="i586" version="4.6.1" release="138"/>
<install channel="1" kind="package" name="mdadm" arch="i586" version="2.6.2" release="15"/>
<install channel="1" kind="package" name="meanwhile" arch="i586" version="1.0.2" release="32"/>
<install channel="1" kind="package" name="mkinitrd" arch="i586" version="2.1" release="35"/>
<install channel="1" kind="package" name="microcode_ctl" arch="i586" version="1.17" release="31"/>
<install channel="1" kind="package" name="mingetty" arch="i586" version="1.0.7s" release="24"/>
<install channel="1" kind="package" name="mktemp" arch="i586" version="1.5" release="803"/>
<install channel="1" kind="package" name="module-init-tools" arch="i586" version="3.2.99.pre11" release="22"/>
<install channel="1" kind="package" name="mono-core" arch="i586" version="1.2.5" release="15"/>
<install channel="1" kind="package" name="mono-data" arch="i586" version="1.2.5" release="15"/>
<install channel="1" kind="package" name="mono-data-sqlite" arch="i586" version="1.2.5" release="15"/>
<install channel="1" kind="package" name="mono-web" arch="i586" version="1.2.5" release="15"/>
<install channel="1" kind="package" name="mozilla-nss" arch="i586" version="3.11.7" release="14"/>
<install channel="1" kind="package" name="mozilla-nspr" arch="i586" version="4.6.7" release="19"/>
<install channel="1" kind="package" name="mozilla-xulrunner181" arch="i586" version="1.8.1.4" release="29"/>
<install channel="1" kind="package" name="mtools" arch="i586" version="3.9.11" release="37"/>
<install channel="1" kind="package" name="nano" arch="i586" version="2.0.6" release="28"/>
<install channel="1" kind="package" name="ncurses" arch="i586" version="5.6" release="40"/>
<install channel="1" kind="package" name="neon" arch="i586" version="0.26.4" release="15"/>
<install channel="1" kind="package" name="net-snmp" arch="i586" version="5.4.1" release="17"/>
<install channel="1" kind="package" name="net-tools" arch="i586" version="1.60" release="649"/>
<install channel="1" kind="package" name="netcat" arch="i586" version="1.10" release="942"/>
<install channel="1" kind="package" name="netpbm" arch="i586" version="10.26.44" release="9"/>
<install channel="1" kind="package" name="nfs-client" arch="i586" version="1.1.0" release="8"/>
<install channel="1" kind="package" name="nfs-kernel-server" arch="i586" version="1.1.0" release="8"/>
<install channel="1" kind="package" name="nfsidmap" arch="i586" version="0.20" release="19"/>
<install channel="1" kind="package" name="novfs-kmp-default" arch="i586" version="2.0.0_2.6.22.5_26" release="22"/>
<install channel="1" kind="package" name="nscd" arch="i586" version="2.6.1" release="17"/>
<install channel="1" kind="package" name="ntfsprogs" arch="i586" version="1.13.1" release="48"/>
<install channel="1" kind="package" name="numlockx" arch="i586" version="1.1" release="79"/>
<install channel="1" kind="package" name="ocrad" arch="i586" version="0.17" release="11"/>
<install channel="1" kind="package" name="openal" arch="i586" version="0.0.8" release="87"/>
<install channel="1" kind="package" name="openSUSE-release" arch="i586" version="10.3" release="73"/>
<install channel="1" kind="package" name="openct" arch="i586" version="0.6.13" release="10"/>
<install channel="1" kind="package" name="openjade" arch="i586" version="1.3.2" release="283"/>
<install channel="1" kind="package" name="openldap2-client" arch="i586" version="2.3.37" release="18"/>
<install channel="1" kind="package" name="openmotif-libs" arch="i586" version="2.3.0" release="21"/>
<install channel="1" kind="package" name="openobex" arch="i586" version="1.3" release="76"/>
<install channel="1" kind="package" name="opensc" arch="i586" version="0.11.3" release="19"/>
<install channel="1" kind="package" name="openslp" arch="i586" version="1.2.0" release="94"/>
<install channel="1" kind="package" name="openslp-server" arch="i586" version="1.2.0" release="94"/>
<install channel="1" kind="package" name="opensp" arch="i586" version="1.5.2" release="26"/>
<install channel="1" kind="package" name="openssh" arch="i586" version="4.6p1" release="56"/>
<install channel="1" kind="package" name="openssl" arch="i586" version="0.9.8e" release="43"/>
<install channel="1" kind="package" name="openssh-askpass" arch="i586" version="4.6p1" release="56"/>
<install channel="1" kind="package" name="orbit2" arch="i586" version="2.14.9" release="3"/>
<install channel="1" kind="package" name="pam" arch="i586" version="0.99.8.1" release="14"/>
<install channel="1" kind="package" name="pam-modules" arch="i586" version="10.3" release="46"/>
<install channel="1" kind="package" name="pango" arch="i586" version="1.18.2" release="2"/>
<install channel="1" kind="package" name="pango-devel" arch="i586" version="1.18.2" release="2"/>
<install channel="1" kind="package" name="par" arch="i586" version="1.1" release="102"/>
<install channel="1" kind="package" name="parted" arch="i586" version="1.8.7" release="38"/>
<install channel="1" kind="package" name="patch" arch="i586" version="2.5.9" release="218"/>
<install channel="1" kind="package" name="pax" arch="i586" version="3.4" release="72"/>
<install channel="1" kind="package" name="pciutils" arch="i586" version="2.2.6" release="16"/>
<install channel="1" kind="package" name="pcre" arch="i586" version="7.2" release="13"/>
<install channel="1" kind="package" name="pcre-devel" arch="i586" version="7.2" release="13"/>
<install channel="1" kind="package" name="pcsc-lite" arch="i586" version="1.4.3" release="14"/>
<install channel="1" kind="package" name="penguin-command" arch="i586" version="1.6.11" release="24"/>
<install channel="1" kind="package" name="perl" arch="i586" version="5.8.8" release="75"/>
<install channel="1" kind="package" name="perl-Bootloader" arch="i586" version="0.4.29" release="2"/>
<install channel="1" kind="package" name="perl-Compress-Zlib" arch="i586" version="2.005" release="12"/>
<install channel="1" kind="package" name="perl-Config-Crontab" arch="i586" version="1.21" release="10"/>
<install channel="1" kind="package" name="perl-Crypt-SmbHash" arch="i586" version="0.12" release="71"/>
<install channel="1" kind="package" name="perl-DBD-SQLite" arch="i586" version="1.13" release="72"/>
<install channel="1" kind="package" name="perl-DBI" arch="i586" version="1.58" release="16"/>
<install channel="1" kind="package" name="perl-Digest-MD4" arch="i586" version="1.5" release="70"/>
<install channel="1" kind="package" name="perl-Digest-SHA1" arch="i586" version="2.11" release="60"/>
<install channel="1" kind="package" name="perl-File-Tail" arch="i586" version="0.99.3" release="70"/>
<install channel="1" kind="package" name="perl-HTML-Parser" arch="i586" version="3.56" release="38"/>
<install channel="1" kind="package" name="perl-HTML-Tagset" arch="i586" version="3.10" release="70"/>
<install channel="1" kind="package" name="perl-Net-Daemon" arch="i586" version="0.43" release="14"/>
<install channel="1" kind="package" name="perl-PDA-Pilot" arch="i586" version="0.12.2" release="24"/>
<install channel="1" kind="package" name="perl-Parse-RecDescent" arch="i586" version="1.80" release="317"/>
<install channel="1" kind="package" name="perl-PlRPC" arch="i586" version="0.2019" release="17"/>
<install channel="1" kind="package" name="perl-TermReadKey" arch="i586" version="2.30" release="71"/>
<install channel="1" kind="package" name="perl-TermReadLine-Gnu" arch="i586" version="1.16" release="37"/>
<install channel="1" kind="package" name="perl-TimeDate" arch="i586" version="1.16" release="194"/>
<install channel="1" kind="package" name="perl-X500-DN" arch="i586" version="0.29" release="14"/>
<install channel="1" kind="package" name="perl-URI" arch="i586" version="1.35" release="73"/>
<install channel="1" kind="package" name="perl-XML-Parser" arch="i586" version="2.34" release="106"/>
<install channel="1" kind="package" name="perl-XML-Writer" arch="i586" version="0.603" release="16"/>
<install channel="1" kind="package" name="perl-gettext" arch="i586" version="1.05" release="72"/>
<install channel="1" kind="package" name="permissions" arch="i586" version="2007.8.10" release="10"/>
<install channel="1" kind="package" name="phalanx" arch="i586" version="22" release="582"/>
<install channel="1" kind="package" name="postfix" arch="i586" version="2.4.5" release="18"/>
<install channel="1" kind="package" name="pilot-link" arch="i586" version="0.12.2" release="24"/>
<install channel="1" kind="package" name="pinentry" arch="i586" version="0.7.2" release="119"/>
<install channel="1" kind="package" name="pinentry-gtk2" arch="i586" version="0.7.2" release="1"/>
<install channel="1" kind="package" name="pinentry-qt" arch="i586" version="0.7.2" release="1"/>
<install channel="1" kind="package" name="pkg-config" arch="i586" version="0.21" release="37"/>
<install channel="1" kind="package" name="pmtools" arch="i586" version="20061026" release="43"/>
<install channel="1" kind="package" name="poppler" arch="i586" version="0.5.4" release="98"/>
<install channel="1" kind="package" name="poppler-qt" arch="i586" version="0.5.4" release="98"/>
<install channel="1" kind="package" name="popt" arch="i586" version="1.7" release="367"/>
<install channel="1" kind="package" name="portmap" arch="i586" version="6.0+git20070513" release="24"/>
<install channel="1" kind="package" name="poster" arch="i586" version="20060221" release="8"/>
<install channel="1" kind="package" name="postgresql-libs" arch="i586" version="8.2.4" release="25"/>
<install channel="1" kind="package" name="powersave-libs" arch="i586" version="0.15.17" release="8"/>
<install channel="1" kind="package" name="powersave" arch="i586" version="0.15.17" release="8"/>
<install channel="1" kind="package" name="ppp" arch="i586" version="2.4.4" release="69"/>
<install channel="1" kind="package" name="pptp" arch="i586" version="1.7.1" release="50"/>
<install channel="1" kind="package" name="preload" arch="i586" version="0.2" release="107"/>
<install channel="1" kind="package" name="procinfo" arch="i586" version="18" release="127"/>
<install channel="1" kind="package" name="procmail" arch="i586" version="3.22" release="137"/>
<install channel="1" kind="package" name="procps" arch="i586" version="3.2.7" release="66"/>
<install channel="1" kind="package" name="psmisc" arch="i586" version="22.5" release="29"/>
<install channel="1" kind="package" name="psutils" arch="i586" version="p17" release="938"/>
<install channel="1" kind="package" name="pwdutils" arch="i586" version="3.1.4" release="25"/>
<install channel="1" kind="package" name="python" arch="i586" version="2.5.1" release="37"/>
<install channel="1" kind="package" name="python-devel" arch="i586" version="2.5.1" release="37"/>
<install channel="1" kind="package" name="python-cairo" arch="i586" version="1.2.2" release="89"/>
<install channel="1" kind="package" name="python-gtk" arch="i586" version="2.10.6" release="23"/>
<install channel="1" kind="package" name="python-imaging" arch="i586" version="1.1.6" release="67"/>
<install channel="1" kind="package" name="python-numeric" arch="i586" version="24.2" release="99"/>
<install channel="1" kind="package" name="python-qt" arch="i586" version="3.17.3" release="16"/>
<install channel="1" kind="package" name="python-tk" arch="i586" version="2.5.1" release="37"/>
<install channel="1" kind="package" name="python-xml" arch="i586" version="2.5.1" release="37"/>
<install channel="1" kind="package" name="qca" arch="i586" version="1.0" release="116"/>
<install channel="1" kind="package" name="qt3" arch="i586" version="3.3.8" release="74"/>
<install channel="1" kind="package" name="rdesktop" arch="i586" version="1.5.0" release="77"/>
<install channel="1" kind="package" name="readline-devel" arch="i586" version="5.2" release="58"/>
<install channel="1" kind="package" name="readline-doc" arch="i586" version="5.2" release="17"/>
<install channel="1" kind="package" name="recode" arch="i586" version="3.6" release="562"/>
<install channel="1" kind="package" name="reiserfs" arch="i586" version="3.6.19" release="91"/>
<install channel="1" kind="package" name="resmgr" arch="i586" version="1.1.0_SVNr143" release="10"/>
<install channel="1" kind="package" name="rpm" arch="i586" version="4.4.2" release="139"/>
<install channel="1" kind="package" name="rpm-python" arch="i586" version="4.4.2" release="162"/>
<install channel="1" kind="package" name="rrdtool" arch="i586" version="1.2.23" release="45"/>
<install channel="1" kind="package" name="rsh" arch="i586" version="0.17" release="637"/>
<install channel="1" kind="package" name="rsync" arch="i586" version="2.6.9" release="52"/>
<install channel="1" kind="package" name="ruby" arch="i586" version="1.8.6.p36" release="19"/>
<install channel="1" kind="package" name="samba" arch="i586" version="3.0.25c" release="10"/>
<install channel="1" kind="package" name="samba-client" arch="i586" version="3.0.25c" release="10"/>
<install channel="1" kind="package" name="sax2-tools" arch="i586" version="8.1" release="251"/>
<install channel="1" kind="package" name="samba-winbind" arch="i586" version="3.0.25c" release="10"/>
<install channel="1" kind="package" name="sash" arch="i586" version="3.7" release="107"/>
<install channel="1" kind="package" name="sax2" arch="i586" version="8.1" release="251"/>
<install channel="1" kind="package" name="sax2-gui" arch="i586" version="8.1" release="251"/>
<install channel="1" kind="package" name="sax2-ident" arch="i586" version="8.1" release="251"/>
<install channel="1" kind="package" name="sax2-libsax" arch="i586" version="8.1" release="251"/>
<install channel="1" kind="package" name="sax2-libsax-perl" arch="i586" version="8.1" release="251"/>
<install channel="1" kind="package" name="scpm" arch="i586" version="1.1.6" release="4"/>
<install channel="1" kind="package" name="screen" arch="i586" version="4.0.2" release="126"/>
<install channel="1" kind="package" name="scsi" arch="i586" version="1.7_2.37_1.25_0.19_1.02_0.93" release="16"/>
<install channel="1" kind="package" name="sed" arch="i586" version="4.1.5" release="63"/>
<install channel="1" kind="package" name="sensors" arch="i586" version="2.10.4" release="21"/>
<install channel="1" kind="package" name="setserial" arch="i586" version="2.17" release="653"/>
<install channel="1" kind="package" name="shared-mime-info" arch="i586" version="0.22" release="12"/>
<install channel="1" kind="package" name="sisctrl" arch="i586" version="0.0.20051202" release="103"/>
<install channel="1" kind="package" name="slang" arch="i586" version="2.1.1" release="15"/>
<install channel="1" kind="package" name="smart" arch="i586" version="0.51" release="54"/>
<install channel="1" kind="package" name="smart-gui" arch="i586" version="0.51" release="54"/>
<install channel="1" kind="package" name="smpppd" arch="i586" version="1.59" release="83"/>
<install channel="1" kind="package" name="sqlite2" arch="i586" version="2.8.17" release="86"/>
<install channel="1" kind="package" name="sqlite" arch="i586" version="3.4.1" release="12"/>
<install channel="1" kind="package" name="src_vipa" arch="i586" version="2.0.3" release="73"/>
<install channel="1" kind="package" name="startup-notification" arch="i586" version="0.9" release="13"/>
<install channel="1" kind="package" name="strace" arch="i586" version="4.5.16" release="10"/>
<install channel="1" kind="package" name="subversion" arch="i586" version="1.4.4" release="28"/>
<install channel="1" kind="package" name="sudo" arch="i586" version="1.6.9p2" release="21"/>
<install channel="1" kind="package" name="sumf" arch="i586" version="0.2.4" release="5"/>
<install channel="1" kind="package" name="supertux" arch="i586" version="0.1.3" release="88"/>
<install channel="1" kind="package" name="suspend" arch="i586" version="0.69.9" release="13"/>
<install channel="1" kind="package" name="swig" arch="i586" version="1.3.31" release="48"/>
<install channel="1" kind="package" name="sysconfig" arch="i586" version="0.70.2" release="3"/>
<install channel="1" kind="package" name="sysfsutils" arch="i586" version="2.1.0" release="60"/>
<install channel="1" kind="package" name="syslinux" arch="i586" version="3.31" release="57"/>
<install channel="1" kind="package" name="syslog-ng" arch="i586" version="1.6.12" release="32"/>
<install channel="1" kind="package" name="syslogd" arch="i586" version="1.4.1" release="631"/>
<install channel="1" kind="package" name="sysvinit" arch="i586" version="2.86" release="101"/>
<install channel="1" kind="package" name="taglib" arch="i586" version="1.4" release="112"/>
<install channel="1" kind="package" name="tar" arch="i586" version="1.17" release="20"/>
<install channel="1" kind="package" name="tcl" arch="i586" version="8.4.15" release="21"/>
<install channel="1" kind="package" name="tcpd" arch="i586" version="7.6" release="790"/>
<install channel="1" kind="package" name="tcpdump" arch="i586" version="3.9.7" release="13"/>
<install channel="1" kind="package" name="tcsh" arch="i586" version="6.15.00" release="19"/>
<install channel="1" kind="package" name="telnet" arch="i586" version="1.2" release="76"/>
<install channel="1" kind="package" name="terminfo" arch="i586" version="5.6" release="40"/>
<install channel="1" kind="package" name="testgart" arch="i586" version="0.1" release="261"/>
<install channel="1" kind="package" name="textmaker" arch="i586" version="2007.3.26" release="41"/>
<install channel="1" kind="package" name="thinkeramik" arch="i586" version="3.2.1" release="149"/>
<install channel="1" kind="package" name="thinkeramik-style" arch="i586" version="3.2.1" release="149"/>
<install channel="1" kind="package" name="tiff" arch="i586" version="3.8.2" release="67"/>
<install channel="1" kind="package" name="tightvnc" arch="i586" version="1.3.9" release="13"/>
<install channel="1" kind="package" name="timezone" arch="i586" version="2007g" release="8"/>
<install channel="1" kind="package" name="timidity" arch="i586" version="2.13.2" release="126"/>
<install channel="1" kind="package" name="tix" arch="i586" version="8.4.0" release="26"/>
<install channel="1" kind="package" name="tk" arch="i586" version="8.4.15" release="23"/>
<install channel="1" kind="package" name="tree" arch="i586" version="1.5.1" release="31"/>
<install channel="1" kind="package" name="udev" arch="i586" version="114" release="18"/>
<install channel="1" kind="package" name="unclutter" arch="i586" version="8" release="942"/>
<install channel="1" kind="package" name="unix2dos" arch="i586" version="2.2" release="298"/>
<install channel="1" kind="package" name="unixODBC" arch="i586" version="2.2.12" release="54"/>
<install channel="1" kind="package" name="unsermake" arch="i586" version="0.4_20070504" release="40"/>
<install channel="1" kind="package" name="unzip" arch="i586" version="5.52" release="76"/>
<install channel="1" kind="package" name="upx" arch="i586" version="3.00" release="13"/>
<install channel="1" kind="package" name="usbutils" arch="i586" version="0.72" release="62"/>
<install channel="1" kind="package" name="utempter" arch="i586" version="0.5.5" release="75"/>
<install channel="1" kind="package" name="util-linux" arch="i586" version="2.12r+2.13rc2+git20070725" release="23"/>
<install channel="1" kind="package" name="v4l-conf" arch="i586" version="3.95" release="96"/>
<install channel="1" kind="package" name="vacation" arch="i586" version="1.2.6.2" release="61"/>
<install channel="1" kind="package" name="valgrind" arch="i586" version="3.2.3" release="56"/>
<install channel="1" kind="package" name="vcdimager" arch="i586" version="0.7.23" release="81"/>
<install channel="1" kind="package" name="vim" arch="i586" version="7.1" release="43"/>
<install channel="1" kind="package" name="vorbis-tools" arch="i586" version="1.1.1" release="108"/>
<install channel="1" kind="package" name="w3m" arch="i586" version="0.5.2" release="32"/>
<install channel="1" kind="package" name="wdiff" arch="i586" version="0.5.2" release="733"/>
<install channel="1" kind="package" name="wget" arch="i586" version="1.10.2" release="76"/>
<install channel="1" kind="package" name="wine" arch="i586" version="0.9.44" release="12"/>
<install channel="1" kind="package" name="wireless-tools" arch="i586" version="29pre22" release="15"/>
<install channel="1" kind="package" name="wpa_supplicant" arch="i586" version="0.5.8" release="30"/>
<install channel="1" kind="package" name="wv" arch="i586" version="1.2.2" release="74"/>
<install channel="1" kind="package" name="wvdial" arch="i586" version="1.56" release="20"/>
<install channel="1" kind="package" name="wvstreams" arch="i586" version="4.2.2" release="58"/>
<install channel="1" kind="package" name="x11-input-wacom" arch="i586" version="0.7.8" release="35"/>
<install channel="1" kind="package" name="x11-input-synaptics" arch="i586" version="0.14.6" release="101"/>
<install channel="1" kind="package" name="x11-tools" arch="i586" version="0.1" release="99"/>
<install channel="1" kind="package" name="xbanner" arch="i586" version="1.31" release="950"/>
<install channel="1" kind="package" name="xaw3d" arch="i586" version="1.5E" release="319"/>
<install channel="1" kind="package" name="xbase" arch="i586" version="2.0.0" release="181"/>
<install channel="1" kind="package" name="xbsql" arch="i586" version="0.11" release="181"/>
<install channel="1" kind="package" name="xdg-menu" arch="i586" version="0.2" release="127"/>
<install channel="1" kind="package" name="xdelta" arch="i586" version="1.1.4" release="60"/>
<install channel="1" kind="package" name="xdmbgrd" arch="i586" version="0.6" release="89"/>
<install channel="1" kind="package" name="xemacs" arch="i586" version="21.5.28.20070807" release="22"/>
<install channel="1" kind="package" name="xemacs-info" arch="i586" version="21.5.28.20070807" release="22"/>
<install channel="1" kind="package" name="xfsprogs" arch="i586" version="2.8.21" release="21"/>
<install channel="1" kind="package" name="xinetd" arch="i586" version="2.3.14" release="76"/>
<install channel="1" kind="package" name="xli" arch="i586" version="20061110" release="38"/>
<install channel="1" kind="package" name="xlockmore" arch="i586" version="5.24" release="18"/>
<install channel="1" kind="package" name="xmoto" arch="i586" version="0.3.2" release="17"/>
<install channel="1" kind="package" name="xmset" arch="i586" version="1.2" release="127"/>
<install channel="1" kind="package" name="xntp" arch="i586" version="4.2.4p3" release="23"/>
<install channel="1" kind="package" name="xorg-x11" arch="i586" version="7.2" release="134"/>
<install channel="1" kind="package" name="xorg-x11-Xvnc" arch="i586" version="7.1" release="89"/>
<install channel="1" kind="package" name="xorg-x11-devel" arch="i586" version="7.2" release="101"/>
<install channel="1" kind="package" name="xorg-x11-driver-input" arch="i586" version="7.2" release="107"/>
<install channel="1" kind="package" name="xorg-x11-driver-video" arch="i586" version="7.2" release="185"/>
<install channel="1" kind="package" name="xorg-x11-libSM-devel" arch="i586" version="7.2" release="57"/>
<install channel="1" kind="package" name="xorg-x11-libICE" arch="i586" version="7.2" release="60"/>
<install channel="1" kind="package" name="xorg-x11-libICE-devel" arch="i586" version="7.2" release="60"/>
<install channel="1" kind="package" name="xorg-x11-libSM" arch="i586" version="7.2" release="57"/>
<install channel="1" kind="package" name="xorg-x11-libX11" arch="i586" version="7.2" release="73"/>
<install channel="1" kind="package" name="xorg-x11-libX11-ccache" arch="i586" version="7.2" release="86"/>
<install channel="1" kind="package" name="xorg-x11-libX11-devel" arch="i586" version="7.2" release="73"/>
<install channel="1" kind="package" name="xorg-x11-libXau" arch="i586" version="7.2" release="53"/>
<install channel="1" kind="package" name="xorg-x11-libXau-devel" arch="i586" version="7.2" release="53"/>
<install channel="1" kind="package" name="xorg-x11-libXfixes" arch="i586" version="7.2" release="62"/>
<install channel="1" kind="package" name="xorg-x11-libXdmcp" arch="i586" version="7.2" release="52"/>
<install channel="1" kind="package" name="xorg-x11-libXdmcp-devel" arch="i586" version="7.2" release="52"/>
<install channel="1" kind="package" name="xorg-x11-libXext" arch="i586" version="7.2" release="63"/>
<install channel="1" kind="package" name="xorg-x11-libXext-devel" arch="i586" version="7.2" release="63"/>
<install channel="1" kind="package" name="xorg-x11-libXfixes-devel" arch="i586" version="7.2" release="62"/>
<install channel="1" kind="package" name="xorg-x11-libXmu" arch="i586" version="7.2" release="63"/>
<install channel="1" kind="package" name="xorg-x11-libXmu-devel" arch="i586" version="7.2" release="63"/>
<install channel="1" kind="package" name="xorg-x11-libXp" arch="i586" version="7.2" release="58"/>
<install channel="1" kind="package" name="xorg-x11-libXp-devel" arch="i586" version="7.2" release="58"/>
<install channel="1" kind="package" name="xorg-x11-libXpm" arch="i586" version="7.2" release="63"/>
<install channel="1" kind="package" name="xorg-x11-libXpm-devel" arch="i586" version="7.2" release="63"/>
<install channel="1" kind="package" name="xorg-x11-libXprintUtil-devel" arch="i586" version="7.2" release="58"/>
<install channel="1" kind="package" name="xorg-x11-libXrender" arch="i586" version="7.2" release="63"/>
<install channel="1" kind="package" name="xorg-x11-libXrender-devel" arch="i586" version="7.2" release="63"/>
<install channel="1" kind="package" name="xorg-x11-libXt" arch="i586" version="7.2" release="63"/>
<install channel="1" kind="package" name="xorg-x11-libXt-devel" arch="i586" version="7.2" release="63"/>
<install channel="1" kind="package" name="xorg-x11-libXv" arch="i586" version="7.2" release="59"/>
<install channel="1" kind="package" name="xorg-x11-libXv-devel" arch="i586" version="7.2" release="59"/>
<install channel="1" kind="package" name="xorg-x11-libfontenc" arch="i586" version="7.2" release="58"/>
<install channel="1" kind="package" name="xorg-x11-libfontenc-devel" arch="i586" version="7.2" release="58"/>
<install channel="1" kind="package" name="xorg-x11-libxkbfile" arch="i586" version="7.2" release="61"/>
<install channel="1" kind="package" name="xorg-x11-libs" arch="i586" version="7.2" release="101"/>
<install channel="1" kind="package" name="xorg-x11-server" arch="i586" version="7.2" release="140"/>
<install channel="1" kind="package" name="xorg-x11-libxkbfile-devel" arch="i586" version="7.2" release="61"/>
<install channel="1" kind="package" name="xosd" arch="i586" version="2.2.12" release="111"/>
<install channel="1" kind="package" name="xpdf-tools" arch="i586" version="3.02" release="18"/>
<install channel="1" kind="package" name="xscreensaver" arch="i586" version="5.03" release="23"/>
<install channel="1" kind="package" name="xterm" arch="i586" version="229" release="16"/>
<install channel="1" kind="package" name="xtermset" arch="i586" version="0.5.2" release="193"/>
<install channel="1" kind="package" name="xv" arch="i586" version="3.10a" release="1167"/>
<install channel="1" kind="package" name="yast2" arch="i586" version="2.15.58" release="7"/>
<install channel="1" kind="package" name="yast2-bootloader" arch="i586" version="2.15.24" release="2"/>
<install channel="1" kind="package" name="yast2-control-center" arch="i586" version="2.15.4" release="10"/>
<install channel="1" kind="package" name="yast2-control-center-qt" arch="i586" version="2.15.4" release="10"/>
<install channel="1" kind="package" name="yast2-core" arch="i586" version="2.15.12" release="3"/>
<install channel="1" kind="package" name="yast2-country" arch="i586" version="2.15.20" release="2"/>
<install channel="1" kind="package" name="yast2-hardware-detection" arch="i586" version="2.15.8" release="31"/>
<install channel="1" kind="package" name="yast2-ldap" arch="i586" version="2.15.1" release="78"/>
<install channel="1" kind="package" name="yast2-mouse" arch="i586" version="2.15.1" release="76"/>
<install channel="1" kind="package" name="yast2-ncurses" arch="i586" version="2.15.27" release="9"/>
<install channel="1" kind="package" name="yast2-network" arch="i586" version="2.15.78" release="2"/>
<install channel="1" kind="package" name="yast2-nis-client" arch="i586" version="2.15.3" release="16"/>
<install channel="1" kind="package" name="yast2-packager" arch="i586" version="2.15.80" release="3"/>
<install channel="1" kind="package" name="yast2-perl-bindings" arch="i586" version="2.15.3" release="22"/>
<install channel="1" kind="package" name="yast2-pkg-bindings" arch="i586" version="2.15.49" release="12"/>
<install channel="1" kind="package" name="yast2-printer" arch="i586" version="2.15.5" release="12"/>
<install channel="1" kind="package" name="yast2-profile-manager" arch="i586" version="2.15.0" release="45"/>
<install channel="1" kind="package" name="yast2-qt" arch="i586" version="2.15.16" release="12"/>
<install channel="1" kind="package" name="yast2-slp" arch="i586" version="2.15.0" release="26"/>
<install channel="1" kind="package" name="yast2-sound" arch="i586" version="2.15.11" release="13"/>
<install channel="1" kind="package" name="yast2-storage" arch="i586" version="2.15.26" release="2"/>
<install channel="1" kind="package" name="yast2-storage-lib" arch="i586" version="2.15.26" release="2"/>
<install channel="1" kind="package" name="yast2-transfer" arch="i586" version="2.14.0" release="102"/>
<install channel="1" kind="package" name="yast2-tune" arch="i586" version="2.15.7" release="14"/>
<install channel="1" kind="package" name="yast2-update" arch="i586" version="2.15.23" release="15"/>
<install channel="1" kind="package" name="yast2-users" arch="i586" version="2.15.36" release="23"/>
<install channel="1" kind="package" name="yast2-vm" arch="i586" version="2.16.1" release="44"/>
<install channel="1" kind="package" name="yast2-xml" arch="i586" version="2.15.0" release="52"/>
<install channel="1" kind="package" name="ypbind" arch="i586" version="1.20.5" release="50"/>
<install channel="1" kind="package" name="yp-tools" arch="i586" version="2.9" release="75"/>
<install channel="1" kind="package" name="yudit" arch="i586" version="2.7.8" release="94"/>
<install channel="1" kind="package" name="zip" arch="i586" version="2.32" release="10"/>
<install channel="1" kind="package" name="ziptool" arch="i586" version="1.4.0" release="182"/>
<install channel="1" kind="package" name="zisofs-tools" arch="i586" version="1.0.6" release="74"/>
<install channel="1" kind="package" name="zlib" arch="i586" version="1.2.3" release="74"/>
<install channel="1" kind="package" name="zlib-devel" arch="i586" version="1.2.3" release="74"/>
<install channel="1" kind="package" name="zsh" arch="i586" version="4.3.4" release="32"/>
<install channel="1" kind="package" name="zvbi" arch="i586" version="0.2.16" release="93"/>
<install channel="1" kind="package" name="glibc" arch="i686" version="2.6.1" release="17"/>
<install channel="1" kind="package" name="Crystalcursors" arch="noarch" version="0.5" release="130"/>
<install channel="1" kind="package" name="glibc-devel" arch="i686" version="2.6.1" release="17"/>
<install channel="1" kind="package" name="AdobeICCProfiles" arch="noarch" version="2.0" release="73"/>
<install channel="1" kind="package" name="OpenOffice_org-de" arch="noarch" version="2.3.0.1.2" release="2"/>
<install channel="1" kind="package" name="OpenOffice_org-hyphen" arch="noarch" version="20070719" release="13"/>
<install channel="1" kind="package" name="OpenOffice_org-templates-de" arch="noarch" version="2.0.4" release="50"/>
<install channel="1" kind="package" name="OpenOffice_org-thesaurus-cs" arch="noarch" version="20060111" release="13"/>
<install channel="1" kind="package" name="OpenOffice_org-thesaurus-en" arch="noarch" version="20060111" release="13"/>
<install channel="1" kind="package" name="OpenOffice_org-thesaurus-de" arch="noarch" version="20070206" release="13"/>
<install channel="1" kind="package" name="OpenOffice_org-thesaurus-es" arch="noarch" version="20050720" release="13"/>
<install channel="1" kind="package" name="OpenOffice_org-thesaurus-fr" arch="noarch" version="20050329" release="13"/>
<install channel="1" kind="package" name="OpenOffice_org-thesaurus-pl" arch="noarch" version="20061223" release="13"/>
<install channel="1" kind="package" name="SuSEfirewall2" arch="noarch" version="3.6_SVNr183" release="9"/>
<install channel="1" kind="package" name="WindowMaker-themes" arch="noarch" version="0.1" release="311"/>
<install channel="1" kind="package" name="agfa-fonts" arch="noarch" version="2003.03.19" release="93"/>
<install channel="1" kind="package" name="alsa-firmware" arch="noarch" version="1.0.14" release="23"/>
<install channel="1" kind="package" name="apparmor-docs" arch="noarch" version="2.1" release="17"/>
<install channel="1" kind="package" name="apparmor-profiles" arch="noarch" version="2.1" release="11"/>
<install channel="1" kind="package" name="apparmor-utils" arch="noarch" version="2.1" release="10"/>
<install channel="1" kind="package" name="autoyast2" arch="noarch" version="2.15.17" release="11"/>
<install channel="1" kind="package" name="autoyast2-installation" arch="noarch" version="2.15.17" release="11"/>
<install channel="1" kind="package" name="build" arch="noarch" version="2007.09.14" release="3"/>
<install channel="1" kind="package" name="convmv" arch="noarch" version="1.10" release="60"/>
<install channel="1" kind="package" name="dejavu" arch="noarch" version="2.19" release="12"/>
<install channel="1" kind="package" name="desktop-data-SuSE" arch="noarch" version="10.3" release="84"/>
<install channel="1" kind="package" name="desktop-translations" arch="noarch" version="10.3" release="63"/>
<install channel="1" kind="package" name="docbook-dsssl-stylesheets" arch="noarch" version="1.79" release="79"/>
<install channel="1" kind="package" name="docbook-toys" arch="noarch" version="1.51.0" release="342"/>
<install channel="1" kind="package" name="docbook_3" arch="noarch" version="3.1" release="674"/>
<install channel="1" kind="package" name="docbook_4" arch="noarch" version="4.5" release="40"/>
<install channel="1" kind="package" name="efont-unicode" arch="noarch" version="0.4.2" release="112"/>
<install channel="1" kind="package" name="fonts-config" arch="noarch" version="20061025" release="56"/>
<install channel="1" kind="package" name="free-ttf-fonts" arch="noarch" version="1.0" release="250"/>
<install channel="1" kind="package" name="gnome-icon-theme" arch="noarch" version="2.20.0" release="2"/>
<install channel="1" kind="package" name="html-dtd" arch="noarch" version="2004.1.26" release="138"/>
<install channel="1" kind="package" name="ifnteuro" arch="noarch" version="1.2.1" release="302"/>
<install channel="1" kind="package" name="info2html" arch="noarch" version="2.0" release="84"/>
<install channel="1" kind="package" name="intlfnts" arch="noarch" version="1.2.1" release="302"/>
<install channel="1" kind="package" name="iso_ent" arch="noarch" version="2000.11.03" release="734"/>
<install channel="1" kind="package" name="iwidgets" arch="noarch" version="4.0.1" release="302"/>
<install channel="1" kind="package" name="kde3-i18n-de" arch="noarch" version="3.5.7" release="6"/>
<install channel="1" kind="package" name="latex2html-pngicons" arch="noarch" version="2002.2.1" release="476"/>
<install channel="1" kind="package" name="log4net" arch="noarch" version="1.2.9" release="103"/>
<install channel="1" kind="package" name="man-pages" arch="noarch" version="2.64" release="10"/>
<install channel="1" kind="package" name="manufacturer-PPDs" arch="noarch" version="10.2" release="102"/>
<install channel="1" kind="package" name="myspell-american" arch="noarch" version="20060207" release="12"/>
<install channel="1" kind="package" name="myspell-british" arch="noarch" version="20050526" release="84"/>
<install channel="1" kind="package" name="netcfg" arch="noarch" version="10.3" release="38"/>
<install channel="1" kind="package" name="opensuse-manual_de" arch="noarch" version="10.3" release="17"/>
<install channel="1" kind="package" name="opensuse-manual_en" arch="noarch" version="10.3" release="36"/>
<install channel="1" kind="package" name="pin" arch="noarch" version="0.38" release="28"/>
<install channel="1" kind="package" name="providers" arch="noarch" version="2006.11.21" release="43"/>
<install channel="1" kind="package" name="release-notes" arch="noarch" version="10.3.13" release="2"/>
<install channel="1" kind="package" name="sgml-skel" arch="noarch" version="0.6" release="344"/>
<install channel="1" kind="package" name="siga" arch="noarch" version="10.101" release="72"/>
<install channel="1" kind="package" name="sitar" arch="noarch" version="1.0.6" release="65"/>
<install channel="1" kind="package" name="suse-build-key" arch="noarch" version="1.0" release="769"/>
<install channel="1" kind="package" name="suseRegister" arch="noarch" version="1.2" release="75"/>
<install channel="1" kind="package" name="susehelp" arch="noarch" version="2007.08.22" release="11"/>
<install channel="1" kind="package" name="susehelp_de" arch="noarch" version="2007.08.22" release="11"/>
<install channel="1" kind="package" name="susehelp_en" arch="noarch" version="2007.08.22" release="11"/>
<install channel="1" kind="package" name="update-alternatives" arch="noarch" version="1.8.3" release="74"/>
<install channel="1" kind="package" name="ulimit" arch="noarch" version="1.1" release="207"/>
<install channel="1" kind="package" name="update-desktop-files" arch="noarch" version="10.3" release="63"/>
<install channel="1" kind="package" name="words" arch="noarch" version="6" release="80"/>
<install channel="1" kind="package" name="xemacs-packages" arch="noarch" version="20070427" release="23"/>
<install channel="1" kind="package" name="xemacs-packages-info" arch="noarch" version="20070427" release="23"/>
<install channel="1" kind="package" name="xkeyboard-config" arch="noarch" version="1.0" release="28"/>
<install channel="1" kind="package" name="xmlcharent" arch="noarch" version="0.3" release="333"/>
<install channel="1" kind="package" name="xorg-x11-fonts" arch="noarch" version="7.2" release="84"/>
<install channel="1" kind="package" name="xorg-x11-fonts-core" arch="noarch" version="7.2" release="84"/>
<install channel="1" kind="package" name="yast2-add-on" arch="noarch" version="2.15.15" release="13"/>
<install channel="1" kind="package" name="yast2-apparmor" arch="noarch" version="2.1" release="21"/>
<install channel="1" kind="package" name="yast2-backup" arch="noarch" version="2.15.4" release="44"/>
<install channel="1" kind="package" name="yast2-bluetooth" arch="noarch" version="2.15.4" release="12"/>
<install channel="1" kind="package" name="yast2-dhcp-server" arch="noarch" version="2.15.5" release="9"/>
<install channel="1" kind="package" name="yast2-dns-server" arch="noarch" version="2.15.3" release="74"/>
<install channel="1" kind="package" name="yast2-firewall" arch="noarch" version="2.15.8" release="3"/>
<install channel="1" kind="package" name="yast2-http-server" arch="noarch" version="2.15.7" release="20"/>
<install channel="1" kind="package" name="yast2-inetd" arch="noarch" version="2.15.1" release="34"/>
<install channel="1" kind="package" name="yast2-installation" arch="noarch" version="2.15.52" release="2"/>
<install channel="1" kind="package" name="yast2-irda" arch="noarch" version="2.15.1" release="89"/>
<install channel="1" kind="package" name="yast2-kerberos-client" arch="noarch" version="2.15.7" release="27"/>
<install channel="1" kind="package" name="yast2-ldap-client" arch="noarch" version="2.15.12" release="30"/>
<install channel="1" kind="package" name="yast2-mail" arch="noarch" version="2.15.22" release="3"/>
<install channel="1" kind="package" name="yast2-nfs-client" arch="noarch" version="2.15.0" release="20"/>
<install channel="1" kind="package" name="yast2-nfs-server" arch="noarch" version="2.15.4" release="20"/>
<install channel="1" kind="package" name="yast2-nis-server" arch="noarch" version="2.15.1" release="37"/>
<install channel="1" kind="package" name="yast2-ntp-client" arch="noarch" version="2.15.12" release="2"/>
<install channel="1" kind="package" name="yast2-online-update" arch="noarch" version="2.15.23" release="3"/>
<install channel="1" kind="package" name="yast2-online-update-frontend" arch="noarch" version="2.15.23" release="3"/>
<install channel="1" kind="package" name="yast2-pam" arch="noarch" version="2.14.0" release="123"/>
<install channel="1" kind="package" name="yast2-phone-services" arch="noarch" version="2.15.0" release="69"/>
<install channel="1" kind="package" name="yast2-repair" arch="noarch" version="2.15.7" release="53"/>
<install channel="1" kind="package" name="yast2-restore" arch="noarch" version="2.15.4" release="16"/>
<install channel="1" kind="package" name="yast2-runlevel" arch="noarch" version="2.15.3" release="14"/>
<install channel="1" kind="package" name="yast2-samba-client" arch="noarch" version="2.15.11" release="28"/>
<install channel="1" kind="package" name="yast2-samba-server" arch="noarch" version="2.15.7" release="50"/>
<install channel="1" kind="package" name="yast2-scanner" arch="noarch" version="2.15.5" release="37"/>
<install channel="1" kind="package" name="yast2-schema" arch="noarch" version="2.15.0" release="115"/>
<install channel="1" kind="package" name="yast2-security" arch="noarch" version="2.15.1" release="18"/>
<install channel="1" kind="package" name="yast2-support" arch="noarch" version="2.15.3" release="9"/>
<install channel="1" kind="package" name="yast2-sysconfig" arch="noarch" version="2.15.3" release="53"/>
<install channel="1" kind="package" name="yast2-tftp-server" arch="noarch" version="2.14.0" release="100"/>
<install channel="1" kind="package" name="yast2-trans-de" arch="noarch" version="2.15.22" release="2"/>
<install channel="1" kind="package" name="yast2-trans-stats" arch="noarch" version="2.15.0" release="27"/>
<install channel="1" kind="package" name="yast2-tv" arch="noarch" version="2.15.7" release="18"/>
<install channel="1" kind="package" name="yast2-x11" arch="noarch" version="2.15.11" release="16"/>
<install channel="1" kind="package" name="FooBillard" arch="i586" version="3.0a" release="112"/>
<install channel="1" kind="package" name="OpenOffice_org-officebean" arch="i586" version="2.3.0.1.2" release="4"/>
<install channel="1" kind="package" name="binutils-devel" arch="i586" version="2.17.50.20070726" release="13"/>
<install channel="1" kind="package" name="checkmedia" arch="i586" version="2.1" release="75"/>
<install channel="1" kind="package" name="db41" arch="i586" version="4.1.25" release="149"/>
<install channel="1" kind="package" name="enigma" arch="i586" version="1.01" release="16"/>
<install channel="1" kind="package" name="exif" arch="i586" version="0.6.15" release="28"/>
<install channel="1" kind="package" name="exiftran" arch="i586" version="2.06" release="42"/>
<install channel="1" kind="package" name="file-devel" arch="i586" version="4.21" release="6"/>
<install channel="1" kind="package" name="ghostscript-ijs-devel" arch="i586" version="8.15.3" release="96"/>
<install channel="1" kind="package" name="goom2k4" arch="i586" version="0" release="14"/>
<install channel="1" kind="package" name="id3v2" arch="i586" version="0.1.11" release="75"/>
<install channel="1" kind="package" name="kdepim3-devel" arch="i586" version="3.5.7.enterprise.0.20070904.708012" release="6"/>
<install channel="1" kind="package" name="libdv" arch="i586" version="1.0.0" release="17"/>
<install channel="1" kind="package" name="libgcj41" arch="i586" version="4.1.3_20070724" release="24"/>
<install channel="1" kind="package" name="libnetpbm-devel" arch="i586" version="10.26.44" release="9"/>
<install channel="1" kind="package" name="libqscintilla2-2" arch="i586" version="1.73" release="22"/>
<install channel="1" kind="package" name="licq" arch="i586" version="1.3.4" release="122"/>
<install channel="1" kind="package" name="marbles" arch="i586" version="1.0.7" release="115"/>
<install channel="1" kind="package" name="neverball" arch="i586" version="1.4.0" release="119"/>
<install channel="1" kind="package" name="opt_gnome-compat" arch="i586" version="0.1" release="47"/>
<install channel="1" kind="package" name="pachi" arch="i586" version="1.0" release="126"/>
<install channel="1" kind="package" name="pam_chroot" arch="i586" version="0.9.1" release="63"/>
<install channel="1" kind="package" name="pam_mktemp" arch="i586" version="1.0.2" release="64"/>
<install channel="1" kind="package" name="pam_passwdqc" arch="i586" version="1.0.2" release="63"/>
<install channel="1" kind="package" name="pam_userpass" arch="i586" version="1.0" release="63"/>
<install channel="1" kind="package" name="pingus" arch="i586" version="0.6.0" release="397"/>
<install channel="1" kind="package" name="qtsharp" arch="i586" version="0.7.1" release="114"/>
<install channel="1" kind="package" name="scpm-devel" arch="i586" version="1.1.6" release="4"/>
<install channel="1" kind="package" name="stratagus" arch="i586" version="2.2.4" release="18"/>
<install channel="1" kind="package" name="trackballs" arch="i586" version="1.1.4" release="16"/>
<install channel="1" kind="package" name="x11-input-gunze" arch="i586" version="031126" release="137"/>
<install channel="1" kind="package" name="yast2-update-FACTORY" arch="i586" version="2.15.23" release="15"/>
<install channel="1" kind="package" name="OpenOffice_org-thesaurus-bg" arch="noarch" version="20050317" release="13"/>
<install channel="1" kind="package" name="OpenOffice_org-thesaurus-sk" arch="noarch" version="20050429" release="13"/>
<install channel="1" kind="package" name="bitstream-vera" arch="noarch" version="1.10" release="239"/>
<install channel="1" kind="package" name="blueprint-cursor-theme" arch="noarch" version="0.0.2" release="186"/>
<install channel="1" kind="package" name="desktop-data-SuSE-extra" arch="noarch" version="10.3" release="84"/>
<install channel="1" kind="package" name="gnome-mime-data" arch="noarch" version="2.18.0" release="17"/>
<install channel="1" kind="package" name="myspell-german" arch="noarch" version="20070829" release="4"/>
<install channel="1" kind="pattern" name="kde" arch="i586" version="10.3" release="148"/>
<install channel="1" kind="pattern" name="print_server" arch="i586" version="10.3" release="148"/>
<lock channel="1" kind="pattern" name="update_test" arch="i586" version="10.3" release="148"/>
<lock channel="3" kind="pattern" name="update_test" arch="i586" version="10.3" release="145"/>
<uninstall  kind="product" name="SUSE_LINUX"/>
<uninstall  kind="package" name="java-1_4_2-sun"/>
<uninstall  kind="package" name="xorg-x11-fonts-75dpi"/>
<uninstall  kind="package" name="yast2-mail-aliases"/>
<uninstall  kind="package" name="libffmpeg0"/>
<uninstall  kind="package" name="libxine1"/>
<uninstall  kind="package" name="cdrecord"/>
<uninstall  kind="package" name="libkdcraw0"/>
<uninstall  kind="package" name="latex-ucs"/>
<uninstall  kind="package" name="suse-release"/>
<uninstall  kind="package" name="cups-drivers-stp"/>
<uninstall  kind="package" name="855resolution"/>
<uninstall  kind="package" name="libtiff"/>
<uninstall  kind="package" name="pkgconfig"/>
<uninstall  kind="package" name="amarok-helix"/>
<uninstall  kind="package" name="w32codec-all"/>
<uninstall  kind="package" name="libzypp-zmd-backend"/>
<uninstall  kind="package" name="suselinux-manual_en"/>
<uninstall  kind="package" name="kdegames3-tactic"/>
<uninstall  kind="package" name="gpg"/>
<uninstall  kind="package" name="yast2-bootfloppy"/>
<uninstall  kind="package" name="libnetpbm"/>
<uninstall  kind="package" name="xanim"/>
<uninstall  kind="package" name="yast2-theme-SuSELinux"/>
<uninstall  kind="package" name="crafty"/>
<uninstall  kind="package" name="qscintilla"/>
<uninstall  kind="package" name="java-1_4_2-sun-devel"/>
<uninstall  kind="package" name="BASS"/>
<uninstall  kind="package" name="OpenOffice_org-de-templates"/>
<uninstall  kind="package" name="te_latex"/>
<uninstall  kind="package" name="python-elementtree"/>
<uninstall  kind="package" name="libmp4v2"/>
<uninstall  kind="package" name="gtk-qt-engine"/>
<uninstall  kind="package" name="kdegames3-card"/>
<uninstall  kind="package" name="libkexif"/>
<uninstall  kind="package" name="faad2"/>
<uninstall  kind="package" name="xorg-x11-fonts-scalable"/>
<uninstall  kind="package" name="xvid"/>
<uninstall  kind="package" name="libgcc"/>
<uninstall  kind="package" name="readline"/>
<uninstall  kind="package" name="mDNSResponder-devel"/>
<uninstall  kind="package" name="libcom_err"/>
<uninstall  kind="package" name="gnome-filesystem"/>
<uninstall  kind="package" name="xorg-x11-server-glx"/>
<uninstall  kind="package" name="mkisofs"/>
<uninstall  kind="package" name="libcdio"/>
<uninstall  kind="package" name="chromium"/>
<uninstall  kind="package" name="libgcj"/>
<uninstall  kind="package" name="cups-SUSE-ppds-dat"/>
<uninstall  kind="package" name="yast2-power-management"/>
<uninstall  kind="package" name="kdegames3-board"/>
<uninstall  kind="package" name="dbus-1-qt"/>
<uninstall  kind="package" name="colorgcc"/>
<uninstall  kind="package" name="kdar"/>
<uninstall  kind="package" name="lame"/>
<uninstall  kind="package" name="x264"/>
<uninstall  kind="package" name="MPlayer"/>
<uninstall  kind="package" name="mDNSResponder-lib"/>
<uninstall  kind="package" name="libstdc++"/>
<uninstall  kind="package" name="compat-curl2"/>
<uninstall  kind="package" name="glchess"/>
<uninstall  kind="package" name="scummvm"/>
<uninstall  kind="package" name="yast2-powertweak"/>
<uninstall  kind="package" name="mad"/>
<uninstall  kind="package" name="kdepim3-networkstatus"/>
<uninstall  kind="package" name="libapparmor"/>
<uninstall  kind="package" name="xorg-x11-fonts-100dpi"/>
<uninstall  kind="package" name="qt"/>
<uninstall  kind="package" name="mysql-shared"/>
<uninstall  kind="package" name="libmusicbrainz"/>
<uninstall  kind="package" name="java-1_4_2-sun-plugin"/>
<uninstall  kind="package" name="nfs-utils"/>
<uninstall  kind="package" name="hp-officeJet"/>
<uninstall  kind="package" name="rar"/>
<uninstall  kind="package" name="kdepim3-sync"/>
<uninstall  kind="package" name="libcaca"/>
<uninstall  kind="package" name="libdar"/>
<uninstall  kind="package" name="suselinux-manual_de"/>
<uninstall  kind="package" name="openssl-devel"/>
<uninstall  kind="package" name="limal-bootloader"/>
<uninstall  kind="package" name="mDNSResponder"/>
<uninstall  kind="package" name="tetex"/>
<uninstall  kind="package" name="mozilla-xulrunner"/>
<uninstall  kind="package" name="faac"/>
<uninstall  kind="package" name="ImageMagick-Magick++"/>
<uninstall  kind="package" name="kdegames3-arcade"/>
<distupgrade/>
<reportproblems/>
</trial>
</test>
