<?xml version="1.0"?>
<!-- testcase generated by YaST -->
<test>
<setup arch="i686">
	<system file="test-crappy-coolo-system.xml.gz"/>
	<channel file="test-crappy-coolo-2-package.xml.gz" name="2" />
	<channel file="test-crappy-coolo-3-package.xml.gz" name="3" />
	<channel file="test-crappy-coolo-1-package.xml.gz" name="1" />
	<locale name="de_DE" />
</setup>
<trial>
<showpool all="yes"/>
<establish/>
<showpool all="true" prefix=">!> ESTABLISHED:"/>
<lock channel="1" kind="package" name="texlive" arch="noarch" version="2007" release="68"/>
<lock channel="1" kind="package" name="texlive-latex" arch="noarch" version="2007" release="68"/>
<lock channel="1" kind="pattern" name="update_test" arch="i586" version="10.3" release="148"/>
<lock channel="3" kind="package" name="texlive" arch="noarch" version="2007" release="66"/>
<lock channel="3" kind="package" name="texlive-latex" arch="noarch" version="2007" release="66"/>
<lock channel="3" kind="pattern" name="update_test" arch="i586" version="10.3" release="145"/>
<uninstall  kind="product" name="SUSE_LINUX"/>
<uninstall  kind="package" name="java-1_4_2-sun"/>
<uninstall  kind="package" name="xorg-x11-fonts-75dpi"/>
<uninstall  kind="package" name="yast2-mail-aliases"/>
<uninstall  kind="package" name="libffmpeg0"/>
<uninstall  kind="package" name="libxine1"/>
<uninstall  kind="package" name="cdrecord"/>
<uninstall  kind="package" name="libkdcraw0"/>
<uninstall  kind="package" name="latex-ucs"/>
<uninstall  kind="package" name="suse-release"/>
<uninstall  kind="package" name="cups-drivers-stp"/>
<uninstall  kind="package" name="855resolution"/>
<uninstall  kind="package" name="libtiff"/>
<uninstall  kind="package" name="pkgconfig"/>
<uninstall  kind="package" name="amarok-helix"/>
<uninstall  kind="package" name="w32codec-all"/>
<uninstall  kind="package" name="libzypp-zmd-backend"/>
<uninstall  kind="package" name="suselinux-manual_en"/>
<uninstall  kind="package" name="kdegames3-tactic"/>
<uninstall  kind="package" name="gpg"/>
<uninstall  kind="package" name="yast2-bootfloppy"/>
<uninstall  kind="package" name="libnetpbm"/>
<uninstall  kind="package" name="xanim"/>
<uninstall  kind="package" name="yast2-theme-SuSELinux"/>
<uninstall  kind="package" name="crafty"/>
<uninstall  kind="package" name="qscintilla"/>
<uninstall  kind="package" name="java-1_4_2-sun-devel"/>
<uninstall  kind="package" name="BASS"/>
<uninstall  kind="package" name="OpenOffice_org-de-templates"/>
<uninstall  kind="package" name="te_latex"/>
<uninstall  kind="package" name="python-elementtree"/>
<uninstall  kind="package" name="libmp4v2"/>
<uninstall  kind="package" name="gtk-qt-engine"/>
<uninstall  kind="package" name="kdegames3-card"/>
<uninstall  kind="package" name="libkexif"/>
<uninstall  kind="package" name="faad2"/>
<uninstall  kind="package" name="xorg-x11-fonts-scalable"/>
<uninstall  kind="package" name="xvid"/>
<uninstall  kind="package" name="libgcc"/>
<uninstall  kind="package" name="readline"/>
<uninstall  kind="package" name="mDNSResponder-devel"/>
<uninstall  kind="package" name="libcom_err"/>
<uninstall  kind="package" name="gnome-filesystem"/>
<uninstall  kind="package" name="xorg-x11-server-glx"/>
<uninstall  kind="package" name="mkisofs"/>
<uninstall  kind="package" name="libcdio"/>
<uninstall  kind="package" name="chromium"/>
<uninstall  kind="package" name="libgcj"/>
<uninstall  kind="package" name="cups-SUSE-ppds-dat"/>
<uninstall  kind="package" name="yast2-power-management"/>
<uninstall  kind="package" name="kdegames3-board"/>
<uninstall  kind="package" name="dbus-1-qt"/>
<uninstall  kind="package" name="colorgcc"/>
<uninstall  kind="package" name="kdar"/>
<uninstall  kind="package" name="lame"/>
<uninstall  kind="package" name="x264"/>
<uninstall  kind="package" name="MPlayer"/>
<uninstall  kind="package" name="mDNSResponder-lib"/>
<uninstall  kind="package" name="libstdc++"/>
<uninstall  kind="package" name="compat-curl2"/>
<uninstall  kind="package" name="glchess"/>
<uninstall  kind="package" name="scummvm"/>
<uninstall  kind="package" name="yast2-powertweak"/>
<uninstall  kind="package" name="mad"/>
<uninstall  kind="package" name="kdepim3-networkstatus"/>
<uninstall  kind="package" name="libapparmor"/>
<uninstall  kind="package" name="xorg-x11-fonts-100dpi"/>
<uninstall  kind="package" name="qt"/>
<uninstall  kind="package" name="mysql-shared"/>
<uninstall  kind="package" name="libmusicbrainz"/>
<uninstall  kind="package" name="java-1_4_2-sun-plugin"/>
<uninstall  kind="package" name="nfs-utils"/>
<uninstall  kind="package" name="hp-officeJet"/>
<uninstall  kind="package" name="rar"/>
<uninstall  kind="package" name="kdepim3-sync"/>
<uninstall  kind="package" name="libcaca"/>
<uninstall  kind="package" name="libdar"/>
<uninstall  kind="package" name="suselinux-manual_de"/>
<uninstall  kind="package" name="openssl-devel"/>
<uninstall  kind="package" name="limal-bootloader"/>
<uninstall  kind="package" name="mDNSResponder"/>
<uninstall  kind="package" name="tetex"/>
<uninstall  kind="package" name="mozilla-xulrunner"/>
<uninstall  kind="package" name="faac"/>
<uninstall  kind="package" name="ImageMagick-Magick++"/>
<uninstall  kind="package" name="kdegames3-arcade"/>
<uninstall  kind="package" name="lyx"/>
<uninstall  kind="package" name="kdegraphics3-tex"/>
<uninstall  kind="package" name="jadetex"/>
<uninstall  kind="package" name="docbook-toys"/>
<distupgrade/>
<reportproblems/>
</trial>
</test>
